<?xml version="1.0" encoding="UTF-8"?>
<coverage generated="1597890126369" clover="3.2.0">
  <project timestamp="1597890126369" name="All files">
    <metrics statements="231" coveredstatements="94" conditionals="35" coveredconditionals="1" methods="93" coveredmethods="2" elements="359" coveredelements="97" complexity="0" loc="231" ncloc="231" packages="7" files="10" classes="10"/>
    <package name="api">
      <metrics statements="20" coveredstatements="20" conditionals="0" coveredconditionals="0" methods="1" coveredmethods="1"/>
      <file name="server.js" path="C:\Users\emily\Documents\GitHub\Studium-BE\api\server.js">
        <metrics statements="20" coveredstatements="20" conditionals="0" coveredconditionals="0" methods="1" coveredmethods="1"/>
        <line num="1" count="8" type="stmt"/>
        <line num="2" count="8" type="stmt"/>
        <line num="3" count="8" type="stmt"/>
        <line num="5" count="8" type="stmt"/>
        <line num="6" count="8" type="stmt"/>
        <line num="7" count="8" type="stmt"/>
        <line num="8" count="8" type="stmt"/>
        <line num="9" count="8" type="stmt"/>
        <line num="12" count="8" type="stmt"/>
        <line num="14" count="8" type="stmt"/>
        <line num="15" count="8" type="stmt"/>
        <line num="16" count="8" type="stmt"/>
        <line num="18" count="8" type="stmt"/>
        <line num="19" count="8" type="stmt"/>
        <line num="20" count="8" type="stmt"/>
        <line num="21" count="8" type="stmt"/>
        <line num="22" count="8" type="stmt"/>
        <line num="24" count="8" type="stmt"/>
        <line num="25" count="3" type="stmt"/>
        <line num="28" count="8" type="stmt"/>
      </file>
    </package>
    <package name="auth">
      <metrics statements="28" coveredstatements="8" conditionals="6" coveredconditionals="0" methods="7" coveredmethods="0"/>
      <file name="auth-router.js" path="C:\Users\emily\Documents\GitHub\Studium-BE\auth\auth-router.js">
        <metrics statements="28" coveredstatements="8" conditionals="6" coveredconditionals="0" methods="7" coveredmethods="0"/>
        <line num="1" count="8" type="stmt"/>
        <line num="2" count="8" type="stmt"/>
        <line num="3" count="8" type="stmt"/>
        <line num="4" count="8" type="stmt"/>
        <line num="5" count="8" type="stmt"/>
        <line num="16" count="8" type="stmt"/>
        <line num="18" count="0" type="stmt"/>
        <line num="19" count="0" type="stmt"/>
        <line num="20" count="0" type="stmt"/>
        <line num="22" count="0" type="stmt"/>
        <line num="24" count="0" type="cond" truecount="0" falsecount="2"/>
        <line num="25" count="0" type="stmt"/>
        <line num="26" count="0" type="stmt"/>
        <line num="32" count="0" type="stmt"/>
        <line num="36" count="0" type="stmt"/>
        <line num="41" count="8" type="stmt"/>
        <line num="43" count="0" type="stmt"/>
        <line num="45" count="0" type="stmt"/>
        <line num="48" count="0" type="stmt"/>
        <line num="49" count="0" type="cond" truecount="0" falsecount="4"/>
        <line num="50" count="0" type="stmt"/>
        <line num="51" count="0" type="stmt"/>
        <line num="57" count="0" type="stmt"/>
        <line num="61" count="0" type="stmt"/>
        <line num="65" count="0" type="stmt"/>
        <line num="69" count="0" type="stmt"/>
        <line num="73" count="0" type="stmt"/>
        <line num="76" count="8" type="stmt"/>
      </file>
    </package>
    <package name="config">
      <metrics statements="1" coveredstatements="1" conditionals="2" coveredconditionals="1" methods="0" coveredmethods="0"/>
      <file name="secret.js" path="C:\Users\emily\Documents\GitHub\Studium-BE\config\secret.js">
        <metrics statements="1" coveredstatements="1" conditionals="2" coveredconditionals="1" methods="0" coveredmethods="0"/>
        <line num="1" count="8" type="stmt"/>
      </file>
    </package>
    <package name="resources.cards">
      <metrics statements="53" coveredstatements="17" conditionals="9" coveredconditionals="0" methods="24" coveredmethods="0"/>
      <file name="cards-model.js" path="C:\Users\emily\Documents\GitHub\Studium-BE\resources\cards\cards-model.js">
        <metrics statements="15" coveredstatements="8" conditionals="0" coveredconditionals="0" methods="7" coveredmethods="0"/>
        <line num="1" count="8" type="stmt"/>
        <line num="3" count="8" type="stmt"/>
        <line num="4" count="0" type="stmt"/>
        <line num="7" count="8" type="stmt"/>
        <line num="8" count="0" type="stmt"/>
        <line num="13" count="0" type="stmt"/>
        <line num="17" count="8" type="stmt"/>
        <line num="18" count="0" type="stmt"/>
        <line num="22" count="8" type="stmt"/>
        <line num="23" count="0" type="stmt"/>
        <line num="27" count="8" type="stmt"/>
        <line num="28" count="0" type="stmt"/>
        <line num="33" count="8" type="stmt"/>
        <line num="34" count="0" type="stmt"/>
        <line num="39" count="8" type="stmt"/>
      </file>
      <file name="cards-router.js" path="C:\Users\emily\Documents\GitHub\Studium-BE\resources\cards\cards-router.js">
        <metrics statements="38" coveredstatements="9" conditionals="9" coveredconditionals="0" methods="17" coveredmethods="0"/>
        <line num="1" count="8" type="stmt"/>
        <line num="2" count="8" type="stmt"/>
        <line num="3" count="8" type="stmt"/>
        <line num="6" count="8" type="stmt"/>
        <line num="7" count="0" type="stmt"/>
        <line num="9" count="0" type="stmt"/>
        <line num="12" count="0" type="stmt"/>
        <line num="17" count="8" type="stmt"/>
        <line num="18" count="0" type="stmt"/>
        <line num="20" count="0" type="stmt"/>
        <line num="22" count="0" type="stmt"/>
        <line num="24" count="0" type="stmt"/>
        <line num="25" count="0" type="stmt"/>
        <line num="29" count="0" type="stmt"/>
        <line num="34" count="8" type="stmt"/>
        <line num="35" count="0" type="stmt"/>
        <line num="37" count="0" type="stmt"/>
        <line num="39" count="0" type="cond" truecount="0" falsecount="5"/>
        <line num="40" count="0" type="stmt"/>
        <line num="42" count="0" type="stmt"/>
        <line num="46" count="0" type="stmt"/>
        <line num="51" count="8" type="stmt"/>
        <line num="52" count="0" type="stmt"/>
        <line num="53" count="0" type="stmt"/>
        <line num="55" count="0" type="stmt"/>
        <line num="57" count="0" type="cond" truecount="0" falsecount="2"/>
        <line num="58" count="0" type="stmt"/>
        <line num="59" count="0" type="stmt"/>
        <line num="62" count="0" type="stmt"/>
        <line num="66" count="0" type="stmt"/>
        <line num="71" count="8" type="stmt"/>
        <line num="72" count="0" type="stmt"/>
        <line num="74" count="0" type="stmt"/>
        <line num="76" count="0" type="cond" truecount="0" falsecount="2"/>
        <line num="77" count="0" type="stmt"/>
        <line num="79" count="0" type="stmt"/>
        <line num="83" count="0" type="stmt"/>
        <line num="87" count="8" type="stmt"/>
      </file>
    </package>
    <package name="resources.decks">
      <metrics statements="67" coveredstatements="21" conditionals="12" coveredconditionals="0" methods="32" coveredmethods="0"/>
      <file name="decks-model.js" path="C:\Users\emily\Documents\GitHub\Studium-BE\resources\decks\decks-model.js">
        <metrics statements="19" coveredstatements="10" conditionals="0" coveredconditionals="0" methods="9" coveredmethods="0"/>
        <line num="1" count="8" type="stmt"/>
        <line num="3" count="8" type="stmt"/>
        <line num="4" count="0" type="stmt"/>
        <line num="7" count="8" type="stmt"/>
        <line num="8" count="0" type="stmt"/>
        <line num="12" count="8" type="stmt"/>
        <line num="13" count="0" type="stmt"/>
        <line num="16" count="8" type="stmt"/>
        <line num="17" count="0" type="stmt"/>
        <line num="21" count="0" type="stmt"/>
        <line num="25" count="8" type="stmt"/>
        <line num="26" count="0" type="stmt"/>
        <line num="30" count="8" type="stmt"/>
        <line num="31" count="0" type="stmt"/>
        <line num="35" count="8" type="stmt"/>
        <line num="36" count="0" type="stmt"/>
        <line num="41" count="8" type="stmt"/>
        <line num="42" count="0" type="stmt"/>
        <line num="47" count="8" type="stmt"/>
      </file>
      <file name="decks-router.js" path="C:\Users\emily\Documents\GitHub\Studium-BE\resources\decks\decks-router.js">
        <metrics statements="48" coveredstatements="11" conditionals="12" coveredconditionals="0" methods="23" coveredmethods="0"/>
        <line num="1" count="8" type="stmt"/>
        <line num="3" count="8" type="stmt"/>
        <line num="5" count="8" type="stmt"/>
        <line num="8" count="8" type="stmt"/>
        <line num="9" count="0" type="stmt"/>
        <line num="11" count="0" type="stmt"/>
        <line num="14" count="0" type="stmt"/>
        <line num="19" count="8" type="stmt"/>
        <line num="20" count="0" type="stmt"/>
        <line num="22" count="0" type="stmt"/>
        <line num="24" count="0" type="stmt"/>
        <line num="25" count="0" type="stmt"/>
        <line num="26" count="0" type="stmt"/>
        <line num="30" count="0" type="stmt"/>
        <line num="35" count="8" type="stmt"/>
        <line num="36" count="0" type="stmt"/>
        <line num="38" count="0" type="stmt"/>
        <line num="40" count="0" type="cond" truecount="0" falsecount="2"/>
        <line num="45" count="0" type="stmt"/>
        <line num="50" count="8" type="stmt"/>
        <line num="51" count="0" type="stmt"/>
        <line num="53" count="0" type="stmt"/>
        <line num="55" count="0" type="cond" truecount="0" falsecount="2"/>
        <line num="60" count="0" type="stmt"/>
        <line num="65" count="8" type="stmt"/>
        <line num="66" count="0" type="stmt"/>
        <line num="68" count="0" type="stmt"/>
        <line num="70" count="0" type="cond" truecount="0" falsecount="4"/>
        <line num="71" count="0" type="stmt"/>
        <line num="73" count="0" type="stmt"/>
        <line num="77" count="0" type="stmt"/>
        <line num="82" count="8" type="stmt"/>
        <line num="83" count="0" type="stmt"/>
        <line num="84" count="0" type="stmt"/>
        <line num="86" count="0" type="stmt"/>
        <line num="88" count="0" type="cond" truecount="0" falsecount="2"/>
        <line num="89" count="0" type="stmt"/>
        <line num="91" count="0" type="stmt"/>
        <line num="94" count="0" type="stmt"/>
        <line num="98" count="0" type="stmt"/>
        <line num="103" count="8" type="stmt"/>
        <line num="104" count="0" type="stmt"/>
        <line num="106" count="0" type="stmt"/>
        <line num="108" count="0" type="cond" truecount="0" falsecount="2"/>
        <line num="109" count="0" type="stmt"/>
        <line num="111" count="0" type="stmt"/>
        <line num="115" count="0" type="stmt"/>
        <line num="119" count="8" type="stmt"/>
      </file>
    </package>
    <package name="resources.sessions">
      <metrics statements="46" coveredstatements="17" conditionals="6" coveredconditionals="0" methods="22" coveredmethods="0"/>
      <file name="sessions-model.js" path="C:\Users\emily\Documents\GitHub\Studium-BE\resources\sessions\sessions-model.js">
        <metrics statements="14" coveredstatements="8" conditionals="0" coveredconditionals="0" methods="6" coveredmethods="0"/>
        <line num="1" count="8" type="stmt"/>
        <line num="3" count="8" type="stmt"/>
        <line num="4" count="0" type="stmt"/>
        <line num="7" count="8" type="stmt"/>
        <line num="8" count="0" type="stmt"/>
        <line num="13" count="8" type="stmt"/>
        <line num="14" count="0" type="stmt"/>
        <line num="18" count="8" type="stmt"/>
        <line num="19" count="0" type="stmt"/>
        <line num="23" count="8" type="stmt"/>
        <line num="24" count="0" type="stmt"/>
        <line num="29" count="8" type="stmt"/>
        <line num="30" count="0" type="stmt"/>
        <line num="35" count="8" type="stmt"/>
      </file>
      <file name="sessions-router.js" path="C:\Users\emily\Documents\GitHub\Studium-BE\resources\sessions\sessions-router.js">
        <metrics statements="32" coveredstatements="9" conditionals="6" coveredconditionals="0" methods="16" coveredmethods="0"/>
        <line num="1" count="8" type="stmt"/>
        <line num="2" count="8" type="stmt"/>
        <line num="3" count="8" type="stmt"/>
        <line num="5" count="8" type="stmt"/>
        <line num="6" count="0" type="stmt"/>
        <line num="8" count="0" type="stmt"/>
        <line num="11" count="0" type="stmt"/>
        <line num="15" count="8" type="stmt"/>
        <line num="16" count="0" type="stmt"/>
        <line num="18" count="0" type="stmt"/>
        <line num="20" count="0" type="cond" truecount="0" falsecount="2"/>
        <line num="25" count="0" type="stmt"/>
        <line num="29" count="8" type="stmt"/>
        <line num="30" count="0" type="stmt"/>
        <line num="32" count="0" type="stmt"/>
        <line num="34" count="0" type="stmt"/>
        <line num="37" count="0" type="stmt"/>
        <line num="41" count="8" type="stmt"/>
        <line num="42" count="0" type="stmt"/>
        <line num="43" count="0" type="stmt"/>
        <line num="45" count="0" type="stmt"/>
        <line num="47" count="0" type="cond" truecount="0" falsecount="2"/>
        <line num="48" count="0" type="stmt"/>
        <line num="50" count="0" type="stmt"/>
        <line num="53" count="0" type="stmt"/>
        <line num="57" count="0" type="stmt"/>
        <line num="61" count="8" type="stmt"/>
        <line num="62" count="0" type="stmt"/>
        <line num="64" count="0" type="stmt"/>
        <line num="66" count="0" type="cond" truecount="0" falsecount="2"/>
        <line num="71" count="0" type="stmt"/>
        <line num="75" count="8" type="stmt"/>
      </file>
    </package>
    <package name="resources.users">
      <metrics statements="16" coveredstatements="10" conditionals="0" coveredconditionals="0" methods="7" coveredmethods="1"/>
      <file name="users-model.js" path="C:\Users\emily\Documents\GitHub\Studium-BE\resources\users\users-model.js">
        <metrics statements="16" coveredstatements="10" conditionals="0" coveredconditionals="0" methods="7" coveredmethods="1"/>
        <line num="1" count="8" type="stmt"/>
        <line num="3" count="8" type="stmt"/>
        <line num="4" count="1" type="stmt"/>
        <line num="7" count="8" type="stmt"/>
        <line num="8" count="0" type="stmt"/>
        <line num="13" count="8" type="stmt"/>
        <line num="14" count="0" type="stmt"/>
        <line num="18" count="8" type="stmt"/>
        <line num="19" count="0" type="stmt"/>
        <line num="22" count="8" type="stmt"/>
        <line num="23" count="0" type="stmt"/>
        <line num="27" count="8" type="stmt"/>
        <line num="28" count="0" type="stmt"/>
        <line num="33" count="8" type="stmt"/>
        <line num="34" count="0" type="stmt"/>
        <line num="39" count="8" type="stmt"/>
      </file>
    </package>
  </project>
</coverage>
