{"C:\\Users\\emily\\Documents\\GitHub\\Studium-BE\\api\\server.js": {"path":"C:\\Users\\emily\\Documents\\GitHub\\Studium-BE\\api\\server.js","statementMap":{"0":{"start":{"line":1,"column":16},"end":{"line":1,"column":34}},"1":{"start":{"line":2,"column":15},"end":{"line":2,"column":32}},"2":{"start":{"line":3,"column":13},"end":{"line":3,"column":28}},"3":{"start":{"line":5,"column":20},"end":{"line":5,"column":65}},"4":{"start":{"line":6,"column":20},"end":{"line":6,"column":65}},"5":{"start":{"line":7,"column":20},"end":{"line":7,"column":65}},"6":{"start":{"line":8,"column":23},"end":{"line":8,"column":74}},"7":{"start":{"line":9,"column":19},"end":{"line":9,"column":52}},"8":{"start":{"line":12,"column":15},"end":{"line":12,"column":24}},"9":{"start":{"line":14,"column":0},"end":{"line":14,"column":20}},"10":{"start":{"line":15,"column":0},"end":{"line":15,"column":26}},"11":{"start":{"line":16,"column":0},"end":{"line":16,"column":18}},"12":{"start":{"line":18,"column":0},"end":{"line":18,"column":37}},"13":{"start":{"line":19,"column":0},"end":{"line":19,"column":37}},"14":{"start":{"line":20,"column":0},"end":{"line":20,"column":37}},"15":{"start":{"line":21,"column":0},"end":{"line":21,"column":43}},"16":{"start":{"line":22,"column":0},"end":{"line":22,"column":35}},"17":{"start":{"line":24,"column":0},"end":{"line":26,"column":2}},"18":{"start":{"line":25,"column":3},"end":{"line":25,"column":54}},"19":{"start":{"line":28,"column":0},"end":{"line":28,"column":24}}},"fnMap":{"0":{"name":"(anonymous_0)","decl":{"start":{"line":24,"column":16},"end":{"line":24,"column":17}},"loc":{"start":{"line":24,"column":30},"end":{"line":26,"column":1}},"line":24}},"branchMap":{},"s":{"0":8,"1":8,"2":8,"3":8,"4":8,"5":8,"6":8,"7":8,"8":8,"9":8,"10":8,"11":8,"12":8,"13":8,"14":8,"15":8,"16":8,"17":8,"18":3,"19":8},"f":{"0":3},"b":{},"_coverageSchema":"1a1c01bbd47fc00a2c39e90264f33305004495a9","hash":"b00452ad93835b4118e897a98ff0118aa6bcfe11"}
,"C:\\Users\\emily\\Documents\\GitHub\\Studium-BE\\auth\\auth-router.js": {"path":"C:\\Users\\emily\\Documents\\GitHub\\Studium-BE\\auth\\auth-router.js","statementMap":{"0":{"start":{"line":1,"column":15},"end":{"line":1,"column":42}},"1":{"start":{"line":2,"column":13},"end":{"line":2,"column":57}},"2":{"start":{"line":3,"column":15},"end":{"line":3,"column":34}},"3":{"start":{"line":4,"column":15},"end":{"line":4,"column":45}},"4":{"start":{"line":5,"column":12},"end":{"line":5,"column":35}},"5":{"start":{"line":16,"column":0},"end":{"line":39,"column":3}},"6":{"start":{"line":18,"column":15},"end":{"line":18,"column":23}},"7":{"start":{"line":19,"column":15},"end":{"line":19,"column":49}},"8":{"start":{"line":20,"column":2},"end":{"line":20,"column":22}},"9":{"start":{"line":22,"column":2},"end":{"line":37,"column":6}},"10":{"start":{"line":24,"column":6},"end":{"line":33,"column":6}},"11":{"start":{"line":25,"column":22},"end":{"line":25,"column":41}},"12":{"start":{"line":26,"column":8},"end":{"line":30,"column":9}},"13":{"start":{"line":32,"column":9},"end":{"line":32,"column":77}},"14":{"start":{"line":36,"column":6},"end":{"line":36,"column":68}},"15":{"start":{"line":41,"column":0},"end":{"line":63,"column":3}},"16":{"start":{"line":43,"column":31},"end":{"line":43,"column":39}},"17":{"start":{"line":45,"column":2},"end":{"line":62,"column":8}},"18":{"start":{"line":48,"column":8},"end":{"line":48,"column":25}},"19":{"start":{"line":49,"column":10},"end":{"line":58,"column":11}},"20":{"start":{"line":50,"column":27},"end":{"line":50,"column":46}},"21":{"start":{"line":51,"column":13},"end":{"line":55,"column":14}},"22":{"start":{"line":57,"column":14},"end":{"line":57,"column":81}},"23":{"start":{"line":61,"column":10},"end":{"line":61,"column":85}},"24":{"start":{"line":65,"column":18},"end":{"line":68,"column":3}},"25":{"start":{"line":69,"column":18},"end":{"line":71,"column":3}},"26":{"start":{"line":73,"column":2},"end":{"line":73,"column":53}},"27":{"start":{"line":76,"column":0},"end":{"line":76,"column":24}}},"fnMap":{"0":{"name":"(anonymous_0)","decl":{"start":{"line":16,"column":25},"end":{"line":16,"column":26}},"loc":{"start":{"line":16,"column":39},"end":{"line":39,"column":1}},"line":16},"1":{"name":"(anonymous_1)","decl":{"start":{"line":23,"column":10},"end":{"line":23,"column":11}},"loc":{"start":{"line":23,"column":20},"end":{"line":34,"column":5}},"line":23},"2":{"name":"(anonymous_2)","decl":{"start":{"line":35,"column":11},"end":{"line":35,"column":12}},"loc":{"start":{"line":35,"column":17},"end":{"line":37,"column":5}},"line":35},"3":{"name":"(anonymous_3)","decl":{"start":{"line":41,"column":22},"end":{"line":41,"column":23}},"loc":{"start":{"line":41,"column":36},"end":{"line":63,"column":1}},"line":41},"4":{"name":"(anonymous_4)","decl":{"start":{"line":47,"column":12},"end":{"line":47,"column":13}},"loc":{"start":{"line":47,"column":20},"end":{"line":59,"column":7}},"line":47},"5":{"name":"(anonymous_5)","decl":{"start":{"line":60,"column":13},"end":{"line":60,"column":14}},"loc":{"start":{"line":60,"column":20},"end":{"line":62,"column":7}},"line":60},"6":{"name":"generateToken","decl":{"start":{"line":64,"column":9},"end":{"line":64,"column":22}},"loc":{"start":{"line":64,"column":29},"end":{"line":74,"column":1}},"line":64}},"branchMap":{"0":{"loc":{"start":{"line":24,"column":6},"end":{"line":33,"column":6}},"type":"if","locations":[{"start":{"line":24,"column":6},"end":{"line":33,"column":6}},{"start":{"line":24,"column":6},"end":{"line":33,"column":6}}],"line":24},"1":{"loc":{"start":{"line":49,"column":10},"end":{"line":58,"column":11}},"type":"if","locations":[{"start":{"line":49,"column":10},"end":{"line":58,"column":11}},{"start":{"line":49,"column":10},"end":{"line":58,"column":11}}],"line":49},"2":{"loc":{"start":{"line":49,"column":14},"end":{"line":49,"column":65}},"type":"binary-expr","locations":[{"start":{"line":49,"column":14},"end":{"line":49,"column":18}},{"start":{"line":49,"column":22},"end":{"line":49,"column":65}}],"line":49}},"s":{"0":8,"1":8,"2":8,"3":8,"4":8,"5":8,"6":0,"7":0,"8":0,"9":0,"10":0,"11":0,"12":0,"13":0,"14":0,"15":8,"16":0,"17":0,"18":0,"19":0,"20":0,"21":0,"22":0,"23":0,"24":0,"25":0,"26":0,"27":8},"f":{"0":0,"1":0,"2":0,"3":0,"4":0,"5":0,"6":0},"b":{"0":[0,0],"1":[0,0],"2":[0,0]},"_coverageSchema":"1a1c01bbd47fc00a2c39e90264f33305004495a9","hash":"8716a4cff95588eafab6f925aa5ee01f8fa28310"}
,"C:\\Users\\emily\\Documents\\GitHub\\Studium-BE\\config\\secret.js": {"path":"C:\\Users\\emily\\Documents\\GitHub\\Studium-BE\\config\\secret.js","statementMap":{"0":{"start":{"line":1,"column":0},"end":{"line":3,"column":1}}},"fnMap":{},"branchMap":{"0":{"loc":{"start":{"line":2,"column":15},"end":{"line":2,"column":50}},"type":"binary-expr","locations":[{"start":{"line":2,"column":15},"end":{"line":2,"column":37}},{"start":{"line":2,"column":41},"end":{"line":2,"column":50}}],"line":2}},"s":{"0":8},"f":{},"b":{"0":[8,0]},"_coverageSchema":"1a1c01bbd47fc00a2c39e90264f33305004495a9","hash":"6015f19b297ec40e166fe3530a8eebe3ac3497a3"}
,"C:\\Users\\emily\\Documents\\GitHub\\Studium-BE\\resources\\cards\\cards-model.js": {"path":"C:\\Users\\emily\\Documents\\GitHub\\Studium-BE\\resources\\cards\\cards-model.js","statementMap":{"0":{"start":{"line":1,"column":11},"end":{"line":1,"column":43}},"1":{"start":{"line":3,"column":13},"end":{"line":5,"column":1}},"2":{"start":{"line":4,"column":4},"end":{"line":4,"column":22}},"3":{"start":{"line":7,"column":21},"end":{"line":10,"column":1}},"4":{"start":{"line":8,"column":4},"end":{"line":9,"column":22}},"5":{"start":{"line":13,"column":4},"end":{"line":14,"column":26}},"6":{"start":{"line":17,"column":15},"end":{"line":20,"column":1}},"7":{"start":{"line":18,"column":4},"end":{"line":19,"column":22}},"8":{"start":{"line":22,"column":12},"end":{"line":25,"column":1}},"9":{"start":{"line":23,"column":4},"end":{"line":24,"column":27}},"10":{"start":{"line":27,"column":15},"end":{"line":31,"column":1}},"11":{"start":{"line":28,"column":4},"end":{"line":30,"column":24}},"12":{"start":{"line":33,"column":15},"end":{"line":37,"column":1}},"13":{"start":{"line":34,"column":4},"end":{"line":36,"column":14}},"14":{"start":{"line":39,"column":0},"end":{"line":47,"column":1}}},"fnMap":{"0":{"name":"(anonymous_0)","decl":{"start":{"line":3,"column":13},"end":{"line":3,"column":14}},"loc":{"start":{"line":3,"column":19},"end":{"line":5,"column":1}},"line":3},"1":{"name":"(anonymous_1)","decl":{"start":{"line":7,"column":21},"end":{"line":7,"column":22}},"loc":{"start":{"line":7,"column":29},"end":{"line":10,"column":1}},"line":7},"2":{"name":"getCardTags","decl":{"start":{"line":12,"column":9},"end":{"line":12,"column":20}},"loc":{"start":{"line":12,"column":25},"end":{"line":15,"column":1}},"line":12},"3":{"name":"(anonymous_3)","decl":{"start":{"line":17,"column":15},"end":{"line":17,"column":16}},"loc":{"start":{"line":17,"column":27},"end":{"line":20,"column":1}},"line":17},"4":{"name":"(anonymous_4)","decl":{"start":{"line":22,"column":12},"end":{"line":22,"column":13}},"loc":{"start":{"line":22,"column":22},"end":{"line":25,"column":1}},"line":22},"5":{"name":"(anonymous_5)","decl":{"start":{"line":27,"column":15},"end":{"line":27,"column":16}},"loc":{"start":{"line":27,"column":32},"end":{"line":31,"column":1}},"line":27},"6":{"name":"(anonymous_6)","decl":{"start":{"line":33,"column":15},"end":{"line":33,"column":16}},"loc":{"start":{"line":33,"column":23},"end":{"line":37,"column":1}},"line":33}},"branchMap":{},"s":{"0":8,"1":8,"2":0,"3":8,"4":0,"5":0,"6":8,"7":0,"8":8,"9":0,"10":8,"11":0,"12":8,"13":0,"14":8},"f":{"0":0,"1":0,"2":0,"3":0,"4":0,"5":0,"6":0},"b":{},"_coverageSchema":"1a1c01bbd47fc00a2c39e90264f33305004495a9","hash":"63b3f8d224de8fe11760b61cc1b12d6318d5b23b"}
,"C:\\Users\\emily\\Documents\\GitHub\\Studium-BE\\resources\\cards\\cards-router.js": {"path":"C:\\Users\\emily\\Documents\\GitHub\\Studium-BE\\resources\\cards\\cards-router.js","statementMap":{"0":{"start":{"line":1,"column":16},"end":{"line":1,"column":34}},"1":{"start":{"line":2,"column":15},"end":{"line":2,"column":31}},"2":{"start":{"line":3,"column":11},"end":{"line":3,"column":38}},"3":{"start":{"line":6,"column":0},"end":{"line":14,"column":3}},"4":{"start":{"line":7,"column":2},"end":{"line":13,"column":7}},"5":{"start":{"line":9,"column":6},"end":{"line":9,"column":22}},"6":{"start":{"line":12,"column":6},"end":{"line":12,"column":89}},"7":{"start":{"line":17,"column":0},"end":{"line":31,"column":3}},"8":{"start":{"line":18,"column":13},"end":{"line":18,"column":26}},"9":{"start":{"line":20,"column":2},"end":{"line":30,"column":7}},"10":{"start":{"line":22,"column":6},"end":{"line":26,"column":9}},"11":{"start":{"line":24,"column":8},"end":{"line":24,"column":25}},"12":{"start":{"line":25,"column":8},"end":{"line":25,"column":35}},"13":{"start":{"line":29,"column":6},"end":{"line":29,"column":88}},"14":{"start":{"line":34,"column":0},"end":{"line":48,"column":3}},"15":{"start":{"line":35,"column":19},"end":{"line":35,"column":27}},"16":{"start":{"line":37,"column":2},"end":{"line":47,"column":7}},"17":{"start":{"line":39,"column":6},"end":{"line":43,"column":7}},"18":{"start":{"line":40,"column":8},"end":{"line":40,"column":103}},"19":{"start":{"line":42,"column":8},"end":{"line":42,"column":35}},"20":{"start":{"line":46,"column":6},"end":{"line":46,"column":84}},"21":{"start":{"line":51,"column":0},"end":{"line":68,"column":3}},"22":{"start":{"line":52,"column":17},"end":{"line":52,"column":27}},"23":{"start":{"line":53,"column":18},"end":{"line":53,"column":26}},"24":{"start":{"line":55,"column":2},"end":{"line":67,"column":7}},"25":{"start":{"line":57,"column":6},"end":{"line":63,"column":7}},"26":{"start":{"line":58,"column":8},"end":{"line":60,"column":11}},"27":{"start":{"line":59,"column":10},"end":{"line":59,"column":44}},"28":{"start":{"line":62,"column":8},"end":{"line":62,"column":84}},"29":{"start":{"line":66,"column":6},"end":{"line":66,"column":86}},"30":{"start":{"line":71,"column":0},"end":{"line":85,"column":3}},"31":{"start":{"line":72,"column":17},"end":{"line":72,"column":27}},"32":{"start":{"line":74,"column":2},"end":{"line":84,"column":7}},"33":{"start":{"line":76,"column":6},"end":{"line":80,"column":7}},"34":{"start":{"line":77,"column":8},"end":{"line":77,"column":51}},"35":{"start":{"line":79,"column":8},"end":{"line":79,"column":84}},"36":{"start":{"line":83,"column":6},"end":{"line":83,"column":86}},"37":{"start":{"line":87,"column":0},"end":{"line":87,"column":24}}},"fnMap":{"0":{"name":"(anonymous_0)","decl":{"start":{"line":6,"column":16},"end":{"line":6,"column":17}},"loc":{"start":{"line":6,"column":30},"end":{"line":14,"column":1}},"line":6},"1":{"name":"(anonymous_1)","decl":{"start":{"line":8,"column":10},"end":{"line":8,"column":11}},"loc":{"start":{"line":8,"column":21},"end":{"line":10,"column":5}},"line":8},"2":{"name":"(anonymous_2)","decl":{"start":{"line":11,"column":11},"end":{"line":11,"column":12}},"loc":{"start":{"line":11,"column":20},"end":{"line":13,"column":5}},"line":11},"3":{"name":"(anonymous_3)","decl":{"start":{"line":17,"column":19},"end":{"line":17,"column":20}},"loc":{"start":{"line":17,"column":33},"end":{"line":31,"column":1}},"line":17},"4":{"name":"(anonymous_4)","decl":{"start":{"line":21,"column":10},"end":{"line":21,"column":11}},"loc":{"start":{"line":21,"column":20},"end":{"line":27,"column":5}},"line":21},"5":{"name":"(anonymous_5)","decl":{"start":{"line":22,"column":41},"end":{"line":22,"column":42}},"loc":{"start":{"line":22,"column":51},"end":{"line":26,"column":7}},"line":22},"6":{"name":"(anonymous_6)","decl":{"start":{"line":28,"column":11},"end":{"line":28,"column":12}},"loc":{"start":{"line":28,"column":20},"end":{"line":30,"column":5}},"line":28},"7":{"name":"(anonymous_7)","decl":{"start":{"line":34,"column":17},"end":{"line":34,"column":18}},"loc":{"start":{"line":34,"column":31},"end":{"line":48,"column":1}},"line":34},"8":{"name":"(anonymous_8)","decl":{"start":{"line":38,"column":10},"end":{"line":38,"column":11}},"loc":{"start":{"line":38,"column":20},"end":{"line":44,"column":5}},"line":38},"9":{"name":"(anonymous_9)","decl":{"start":{"line":45,"column":11},"end":{"line":45,"column":12}},"loc":{"start":{"line":45,"column":20},"end":{"line":47,"column":5}},"line":45},"10":{"name":"(anonymous_10)","decl":{"start":{"line":51,"column":19},"end":{"line":51,"column":20}},"loc":{"start":{"line":51,"column":33},"end":{"line":68,"column":1}},"line":51},"11":{"name":"(anonymous_11)","decl":{"start":{"line":56,"column":10},"end":{"line":56,"column":11}},"loc":{"start":{"line":56,"column":20},"end":{"line":64,"column":5}},"line":56},"12":{"name":"(anonymous_12)","decl":{"start":{"line":58,"column":36},"end":{"line":58,"column":37}},"loc":{"start":{"line":58,"column":53},"end":{"line":60,"column":9}},"line":58},"13":{"name":"(anonymous_13)","decl":{"start":{"line":65,"column":11},"end":{"line":65,"column":12}},"loc":{"start":{"line":65,"column":20},"end":{"line":67,"column":5}},"line":65},"14":{"name":"(anonymous_14)","decl":{"start":{"line":71,"column":22},"end":{"line":71,"column":23}},"loc":{"start":{"line":71,"column":36},"end":{"line":85,"column":1}},"line":71},"15":{"name":"(anonymous_15)","decl":{"start":{"line":75,"column":10},"end":{"line":75,"column":11}},"loc":{"start":{"line":75,"column":23},"end":{"line":81,"column":5}},"line":75},"16":{"name":"(anonymous_16)","decl":{"start":{"line":82,"column":11},"end":{"line":82,"column":12}},"loc":{"start":{"line":82,"column":20},"end":{"line":84,"column":5}},"line":82}},"branchMap":{"0":{"loc":{"start":{"line":39,"column":6},"end":{"line":43,"column":7}},"type":"if","locations":[{"start":{"line":39,"column":6},"end":{"line":43,"column":7}},{"start":{"line":39,"column":6},"end":{"line":43,"column":7}}],"line":39},"1":{"loc":{"start":{"line":39,"column":10},"end":{"line":39,"column":74}},"type":"binary-expr","locations":[{"start":{"line":39,"column":10},"end":{"line":39,"column":27}},{"start":{"line":39,"column":31},"end":{"line":39,"column":51}},{"start":{"line":39,"column":55},"end":{"line":39,"column":74}}],"line":39},"2":{"loc":{"start":{"line":57,"column":6},"end":{"line":63,"column":7}},"type":"if","locations":[{"start":{"line":57,"column":6},"end":{"line":63,"column":7}},{"start":{"line":57,"column":6},"end":{"line":63,"column":7}}],"line":57},"3":{"loc":{"start":{"line":76,"column":6},"end":{"line":80,"column":7}},"type":"if","locations":[{"start":{"line":76,"column":6},"end":{"line":80,"column":7}},{"start":{"line":76,"column":6},"end":{"line":80,"column":7}}],"line":76}},"s":{"0":8,"1":8,"2":8,"3":8,"4":0,"5":0,"6":0,"7":8,"8":0,"9":0,"10":0,"11":0,"12":0,"13":0,"14":8,"15":0,"16":0,"17":0,"18":0,"19":0,"20":0,"21":8,"22":0,"23":0,"24":0,"25":0,"26":0,"27":0,"28":0,"29":0,"30":8,"31":0,"32":0,"33":0,"34":0,"35":0,"36":0,"37":8},"f":{"0":0,"1":0,"2":0,"3":0,"4":0,"5":0,"6":0,"7":0,"8":0,"9":0,"10":0,"11":0,"12":0,"13":0,"14":0,"15":0,"16":0},"b":{"0":[0,0],"1":[0,0,0],"2":[0,0],"3":[0,0]},"_coverageSchema":"1a1c01bbd47fc00a2c39e90264f33305004495a9","hash":"c0d411e05285b6e209414e15a2da266bc476442e"}
,"C:\\Users\\emily\\Documents\\GitHub\\Studium-BE\\resources\\decks\\decks-model.js": {"path":"C:\\Users\\emily\\Documents\\GitHub\\Studium-BE\\resources\\decks\\decks-model.js","statementMap":{"0":{"start":{"line":1,"column":11},"end":{"line":1,"column":43}},"1":{"start":{"line":3,"column":13},"end":{"line":5,"column":1}},"2":{"start":{"line":4,"column":3},"end":{"line":4,"column":21}},"3":{"start":{"line":7,"column":21},"end":{"line":10,"column":1}},"4":{"start":{"line":8,"column":3},"end":{"line":9,"column":20}},"5":{"start":{"line":12,"column":26},"end":{"line":14,"column":1}},"6":{"start":{"line":13,"column":3},"end":{"line":13,"column":40}},"7":{"start":{"line":16,"column":29},"end":{"line":18,"column":1}},"8":{"start":{"line":17,"column":3},"end":{"line":17,"column":43}},"9":{"start":{"line":21,"column":3},"end":{"line":22,"column":24}},"10":{"start":{"line":25,"column":15},"end":{"line":28,"column":1}},"11":{"start":{"line":26,"column":3},"end":{"line":27,"column":20}},"12":{"start":{"line":30,"column":12},"end":{"line":33,"column":1}},"13":{"start":{"line":31,"column":3},"end":{"line":32,"column":25}},"14":{"start":{"line":35,"column":15},"end":{"line":39,"column":1}},"15":{"start":{"line":36,"column":3},"end":{"line":38,"column":22}},"16":{"start":{"line":41,"column":15},"end":{"line":45,"column":1}},"17":{"start":{"line":42,"column":3},"end":{"line":44,"column":12}},"18":{"start":{"line":47,"column":0},"end":{"line":57,"column":1}}},"fnMap":{"0":{"name":"(anonymous_0)","decl":{"start":{"line":3,"column":13},"end":{"line":3,"column":14}},"loc":{"start":{"line":3,"column":19},"end":{"line":5,"column":1}},"line":3},"1":{"name":"(anonymous_1)","decl":{"start":{"line":7,"column":21},"end":{"line":7,"column":22}},"loc":{"start":{"line":7,"column":29},"end":{"line":10,"column":1}},"line":7},"2":{"name":"(anonymous_2)","decl":{"start":{"line":12,"column":26},"end":{"line":12,"column":27}},"loc":{"start":{"line":12,"column":39},"end":{"line":14,"column":1}},"line":12},"3":{"name":"(anonymous_3)","decl":{"start":{"line":16,"column":29},"end":{"line":16,"column":30}},"loc":{"start":{"line":16,"column":42},"end":{"line":18,"column":1}},"line":16},"4":{"name":"getDeckTags","decl":{"start":{"line":20,"column":9},"end":{"line":20,"column":20}},"loc":{"start":{"line":20,"column":25},"end":{"line":23,"column":1}},"line":20},"5":{"name":"(anonymous_5)","decl":{"start":{"line":25,"column":15},"end":{"line":25,"column":16}},"loc":{"start":{"line":25,"column":27},"end":{"line":28,"column":1}},"line":25},"6":{"name":"(anonymous_6)","decl":{"start":{"line":30,"column":12},"end":{"line":30,"column":13}},"loc":{"start":{"line":30,"column":22},"end":{"line":33,"column":1}},"line":30},"7":{"name":"(anonymous_7)","decl":{"start":{"line":35,"column":15},"end":{"line":35,"column":16}},"loc":{"start":{"line":35,"column":32},"end":{"line":39,"column":1}},"line":35},"8":{"name":"(anonymous_8)","decl":{"start":{"line":41,"column":15},"end":{"line":41,"column":16}},"loc":{"start":{"line":41,"column":23},"end":{"line":45,"column":1}},"line":41}},"branchMap":{},"s":{"0":8,"1":8,"2":0,"3":8,"4":0,"5":8,"6":0,"7":8,"8":0,"9":0,"10":8,"11":0,"12":8,"13":0,"14":8,"15":0,"16":8,"17":0,"18":8},"f":{"0":0,"1":0,"2":0,"3":0,"4":0,"5":0,"6":0,"7":0,"8":0},"b":{},"_coverageSchema":"1a1c01bbd47fc00a2c39e90264f33305004495a9","hash":"31f43c937121c25a7351ab5790716b026dcc2af4"}
,"C:\\Users\\emily\\Documents\\GitHub\\Studium-BE\\resources\\decks\\decks-router.js": {"path":"C:\\Users\\emily\\Documents\\GitHub\\Studium-BE\\resources\\decks\\decks-router.js","statementMap":{"0":{"start":{"line":1,"column":16},"end":{"line":1,"column":34}},"1":{"start":{"line":3,"column":14},"end":{"line":3,"column":41}},"2":{"start":{"line":5,"column":15},"end":{"line":5,"column":31}},"3":{"start":{"line":8,"column":0},"end":{"line":16,"column":2}},"4":{"start":{"line":9,"column":3},"end":{"line":15,"column":8}},"5":{"start":{"line":11,"column":9},"end":{"line":11,"column":24}},"6":{"start":{"line":14,"column":9},"end":{"line":14,"column":91}},"7":{"start":{"line":19,"column":0},"end":{"line":32,"column":2}},"8":{"start":{"line":20,"column":14},"end":{"line":20,"column":27}},"9":{"start":{"line":22,"column":3},"end":{"line":31,"column":8}},"10":{"start":{"line":24,"column":9},"end":{"line":27,"column":11}},"11":{"start":{"line":25,"column":12},"end":{"line":25,"column":29}},"12":{"start":{"line":26,"column":12},"end":{"line":26,"column":38}},"13":{"start":{"line":30,"column":9},"end":{"line":30,"column":90}},"14":{"start":{"line":35,"column":0},"end":{"line":47,"column":2}},"15":{"start":{"line":36,"column":18},"end":{"line":36,"column":28}},"16":{"start":{"line":38,"column":3},"end":{"line":46,"column":8}},"17":{"start":{"line":40,"column":9},"end":{"line":42,"column":74}},"18":{"start":{"line":45,"column":9},"end":{"line":45,"column":85}},"19":{"start":{"line":50,"column":0},"end":{"line":62,"column":2}},"20":{"start":{"line":51,"column":18},"end":{"line":51,"column":28}},"21":{"start":{"line":53,"column":3},"end":{"line":61,"column":8}},"22":{"start":{"line":55,"column":9},"end":{"line":57,"column":74}},"23":{"start":{"line":60,"column":9},"end":{"line":60,"column":90}},"24":{"start":{"line":65,"column":0},"end":{"line":79,"column":2}},"25":{"start":{"line":66,"column":20},"end":{"line":66,"column":28}},"26":{"start":{"line":68,"column":3},"end":{"line":78,"column":8}},"27":{"start":{"line":70,"column":9},"end":{"line":74,"column":10}},"28":{"start":{"line":71,"column":12},"end":{"line":71,"column":100}},"29":{"start":{"line":73,"column":12},"end":{"line":73,"column":38}},"30":{"start":{"line":77,"column":9},"end":{"line":77,"column":86}},"31":{"start":{"line":82,"column":0},"end":{"line":100,"column":2}},"32":{"start":{"line":83,"column":18},"end":{"line":83,"column":28}},"33":{"start":{"line":84,"column":19},"end":{"line":84,"column":27}},"34":{"start":{"line":86,"column":3},"end":{"line":99,"column":9}},"35":{"start":{"line":88,"column":9},"end":{"line":95,"column":10}},"36":{"start":{"line":89,"column":12},"end":{"line":92,"column":18}},"37":{"start":{"line":91,"column":18},"end":{"line":91,"column":40}},"38":{"start":{"line":94,"column":12},"end":{"line":94,"column":88}},"39":{"start":{"line":98,"column":9},"end":{"line":98,"column":89}},"40":{"start":{"line":103,"column":0},"end":{"line":117,"column":2}},"41":{"start":{"line":104,"column":18},"end":{"line":104,"column":28}},"42":{"start":{"line":106,"column":3},"end":{"line":116,"column":9}},"43":{"start":{"line":108,"column":9},"end":{"line":112,"column":10}},"44":{"start":{"line":109,"column":12},"end":{"line":109,"column":43}},"45":{"start":{"line":111,"column":12},"end":{"line":111,"column":88}},"46":{"start":{"line":115,"column":9},"end":{"line":115,"column":89}},"47":{"start":{"line":119,"column":0},"end":{"line":119,"column":24}}},"fnMap":{"0":{"name":"(anonymous_0)","decl":{"start":{"line":8,"column":16},"end":{"line":8,"column":17}},"loc":{"start":{"line":8,"column":30},"end":{"line":16,"column":1}},"line":8},"1":{"name":"(anonymous_1)","decl":{"start":{"line":10,"column":12},"end":{"line":10,"column":13}},"loc":{"start":{"line":10,"column":21},"end":{"line":12,"column":7}},"line":10},"2":{"name":"(anonymous_2)","decl":{"start":{"line":13,"column":13},"end":{"line":13,"column":14}},"loc":{"start":{"line":13,"column":20},"end":{"line":15,"column":7}},"line":13},"3":{"name":"(anonymous_3)","decl":{"start":{"line":19,"column":19},"end":{"line":19,"column":20}},"loc":{"start":{"line":19,"column":33},"end":{"line":32,"column":1}},"line":19},"4":{"name":"(anonymous_4)","decl":{"start":{"line":23,"column":12},"end":{"line":23,"column":13}},"loc":{"start":{"line":23,"column":20},"end":{"line":28,"column":7}},"line":23},"5":{"name":"(anonymous_5)","decl":{"start":{"line":24,"column":47},"end":{"line":24,"column":48}},"loc":{"start":{"line":24,"column":55},"end":{"line":27,"column":10}},"line":24},"6":{"name":"(anonymous_6)","decl":{"start":{"line":29,"column":13},"end":{"line":29,"column":14}},"loc":{"start":{"line":29,"column":20},"end":{"line":31,"column":7}},"line":29},"7":{"name":"(anonymous_7)","decl":{"start":{"line":35,"column":25},"end":{"line":35,"column":26}},"loc":{"start":{"line":35,"column":39},"end":{"line":47,"column":1}},"line":35},"8":{"name":"(anonymous_8)","decl":{"start":{"line":39,"column":12},"end":{"line":39,"column":13}},"loc":{"start":{"line":39,"column":20},"end":{"line":43,"column":7}},"line":39},"9":{"name":"(anonymous_9)","decl":{"start":{"line":44,"column":13},"end":{"line":44,"column":14}},"loc":{"start":{"line":44,"column":20},"end":{"line":46,"column":7}},"line":44},"10":{"name":"(anonymous_10)","decl":{"start":{"line":50,"column":28},"end":{"line":50,"column":29}},"loc":{"start":{"line":50,"column":42},"end":{"line":62,"column":1}},"line":50},"11":{"name":"(anonymous_11)","decl":{"start":{"line":54,"column":12},"end":{"line":54,"column":13}},"loc":{"start":{"line":54,"column":20},"end":{"line":58,"column":7}},"line":54},"12":{"name":"(anonymous_12)","decl":{"start":{"line":59,"column":13},"end":{"line":59,"column":14}},"loc":{"start":{"line":59,"column":20},"end":{"line":61,"column":7}},"line":59},"13":{"name":"(anonymous_13)","decl":{"start":{"line":65,"column":17},"end":{"line":65,"column":18}},"loc":{"start":{"line":65,"column":31},"end":{"line":79,"column":1}},"line":65},"14":{"name":"(anonymous_14)","decl":{"start":{"line":69,"column":12},"end":{"line":69,"column":13}},"loc":{"start":{"line":69,"column":20},"end":{"line":75,"column":7}},"line":69},"15":{"name":"(anonymous_15)","decl":{"start":{"line":76,"column":13},"end":{"line":76,"column":14}},"loc":{"start":{"line":76,"column":20},"end":{"line":78,"column":7}},"line":76},"16":{"name":"(anonymous_16)","decl":{"start":{"line":82,"column":19},"end":{"line":82,"column":20}},"loc":{"start":{"line":82,"column":33},"end":{"line":100,"column":1}},"line":82},"17":{"name":"(anonymous_17)","decl":{"start":{"line":87,"column":12},"end":{"line":87,"column":13}},"loc":{"start":{"line":87,"column":20},"end":{"line":96,"column":7}},"line":87},"18":{"name":"(anonymous_18)","decl":{"start":{"line":90,"column":21},"end":{"line":90,"column":22}},"loc":{"start":{"line":90,"column":36},"end":{"line":92,"column":16}},"line":90},"19":{"name":"(anonymous_19)","decl":{"start":{"line":97,"column":13},"end":{"line":97,"column":14}},"loc":{"start":{"line":97,"column":20},"end":{"line":99,"column":7}},"line":97},"20":{"name":"(anonymous_20)","decl":{"start":{"line":103,"column":22},"end":{"line":103,"column":23}},"loc":{"start":{"line":103,"column":36},"end":{"line":117,"column":1}},"line":103},"21":{"name":"(anonymous_21)","decl":{"start":{"line":107,"column":12},"end":{"line":107,"column":13}},"loc":{"start":{"line":107,"column":23},"end":{"line":113,"column":7}},"line":107},"22":{"name":"(anonymous_22)","decl":{"start":{"line":114,"column":13},"end":{"line":114,"column":14}},"loc":{"start":{"line":114,"column":20},"end":{"line":116,"column":7}},"line":114}},"branchMap":{"0":{"loc":{"start":{"line":40,"column":9},"end":{"line":42,"column":74}},"type":"cond-expr","locations":[{"start":{"line":41,"column":12},"end":{"line":41,"column":38}},{"start":{"line":42,"column":12},"end":{"line":42,"column":74}}],"line":40},"1":{"loc":{"start":{"line":55,"column":9},"end":{"line":57,"column":74}},"type":"cond-expr","locations":[{"start":{"line":56,"column":12},"end":{"line":56,"column":38}},{"start":{"line":57,"column":12},"end":{"line":57,"column":74}}],"line":55},"2":{"loc":{"start":{"line":70,"column":9},"end":{"line":74,"column":10}},"type":"if","locations":[{"start":{"line":70,"column":9},"end":{"line":74,"column":10}},{"start":{"line":70,"column":9},"end":{"line":74,"column":10}}],"line":70},"3":{"loc":{"start":{"line":70,"column":13},"end":{"line":70,"column":53}},"type":"binary-expr","locations":[{"start":{"line":70,"column":13},"end":{"line":70,"column":30}},{"start":{"line":70,"column":34},"end":{"line":70,"column":53}}],"line":70},"4":{"loc":{"start":{"line":88,"column":9},"end":{"line":95,"column":10}},"type":"if","locations":[{"start":{"line":88,"column":9},"end":{"line":95,"column":10}},{"start":{"line":88,"column":9},"end":{"line":95,"column":10}}],"line":88},"5":{"loc":{"start":{"line":108,"column":9},"end":{"line":112,"column":10}},"type":"if","locations":[{"start":{"line":108,"column":9},"end":{"line":112,"column":10}},{"start":{"line":108,"column":9},"end":{"line":112,"column":10}}],"line":108}},"s":{"0":8,"1":8,"2":8,"3":8,"4":0,"5":0,"6":0,"7":8,"8":0,"9":0,"10":0,"11":0,"12":0,"13":0,"14":8,"15":0,"16":0,"17":0,"18":0,"19":8,"20":0,"21":0,"22":0,"23":0,"24":8,"25":0,"26":0,"27":0,"28":0,"29":0,"30":0,"31":8,"32":0,"33":0,"34":0,"35":0,"36":0,"37":0,"38":0,"39":0,"40":8,"41":0,"42":0,"43":0,"44":0,"45":0,"46":0,"47":8},"f":{"0":0,"1":0,"2":0,"3":0,"4":0,"5":0,"6":0,"7":0,"8":0,"9":0,"10":0,"11":0,"12":0,"13":0,"14":0,"15":0,"16":0,"17":0,"18":0,"19":0,"20":0,"21":0,"22":0},"b":{"0":[0,0],"1":[0,0],"2":[0,0],"3":[0,0],"4":[0,0],"5":[0,0]},"_coverageSchema":"1a1c01bbd47fc00a2c39e90264f33305004495a9","hash":"3443a86df775b6992726b3ea17fc71547bd7e785"}
,"C:\\Users\\emily\\Documents\\GitHub\\Studium-BE\\resources\\sessions\\sessions-model.js": {"path":"C:\\Users\\emily\\Documents\\GitHub\\Studium-BE\\resources\\sessions\\sessions-model.js","statementMap":{"0":{"start":{"line":1,"column":11},"end":{"line":1,"column":40}},"1":{"start":{"line":3,"column":13},"end":{"line":5,"column":1}},"2":{"start":{"line":4,"column":4},"end":{"line":4,"column":25}},"3":{"start":{"line":7,"column":17},"end":{"line":11,"column":1}},"4":{"start":{"line":8,"column":4},"end":{"line":10,"column":16}},"5":{"start":{"line":13,"column":15},"end":{"line":16,"column":1}},"6":{"start":{"line":14,"column":4},"end":{"line":15,"column":22}},"7":{"start":{"line":18,"column":12},"end":{"line":21,"column":1}},"8":{"start":{"line":19,"column":4},"end":{"line":20,"column":25}},"9":{"start":{"line":23,"column":15},"end":{"line":27,"column":1}},"10":{"start":{"line":24,"column":4},"end":{"line":26,"column":24}},"11":{"start":{"line":29,"column":15},"end":{"line":33,"column":1}},"12":{"start":{"line":30,"column":4},"end":{"line":32,"column":14}},"13":{"start":{"line":35,"column":0},"end":{"line":42,"column":1}}},"fnMap":{"0":{"name":"(anonymous_0)","decl":{"start":{"line":3,"column":13},"end":{"line":3,"column":14}},"loc":{"start":{"line":3,"column":19},"end":{"line":5,"column":1}},"line":3},"1":{"name":"(anonymous_1)","decl":{"start":{"line":7,"column":17},"end":{"line":7,"column":18}},"loc":{"start":{"line":7,"column":25},"end":{"line":11,"column":1}},"line":7},"2":{"name":"(anonymous_2)","decl":{"start":{"line":13,"column":15},"end":{"line":13,"column":16}},"loc":{"start":{"line":13,"column":27},"end":{"line":16,"column":1}},"line":13},"3":{"name":"(anonymous_3)","decl":{"start":{"line":18,"column":12},"end":{"line":18,"column":13}},"loc":{"start":{"line":18,"column":26},"end":{"line":21,"column":1}},"line":18},"4":{"name":"(anonymous_4)","decl":{"start":{"line":23,"column":15},"end":{"line":23,"column":16}},"loc":{"start":{"line":23,"column":32},"end":{"line":27,"column":1}},"line":23},"5":{"name":"(anonymous_5)","decl":{"start":{"line":29,"column":15},"end":{"line":29,"column":16}},"loc":{"start":{"line":29,"column":23},"end":{"line":33,"column":1}},"line":29}},"branchMap":{},"s":{"0":8,"1":8,"2":0,"3":8,"4":0,"5":8,"6":0,"7":8,"8":0,"9":8,"10":0,"11":8,"12":0,"13":8},"f":{"0":0,"1":0,"2":0,"3":0,"4":0,"5":0},"b":{},"_coverageSchema":"1a1c01bbd47fc00a2c39e90264f33305004495a9","hash":"ddf8edd21cf69c9f07a3874550b60a5ae786f28d"}
,"C:\\Users\\emily\\Documents\\GitHub\\Studium-BE\\resources\\sessions\\sessions-router.js": {"path":"C:\\Users\\emily\\Documents\\GitHub\\Studium-BE\\resources\\sessions\\sessions-router.js","statementMap":{"0":{"start":{"line":1,"column":16},"end":{"line":1,"column":34}},"1":{"start":{"line":2,"column":17},"end":{"line":2,"column":47}},"2":{"start":{"line":3,"column":15},"end":{"line":3,"column":31}},"3":{"start":{"line":5,"column":0},"end":{"line":13,"column":2}},"4":{"start":{"line":6,"column":4},"end":{"line":12,"column":10}},"5":{"start":{"line":8,"column":12},"end":{"line":8,"column":30}},"6":{"start":{"line":11,"column":12},"end":{"line":11,"column":75}},"7":{"start":{"line":15,"column":0},"end":{"line":27,"column":2}},"8":{"start":{"line":16,"column":19},"end":{"line":16,"column":29}},"9":{"start":{"line":18,"column":4},"end":{"line":26,"column":10}},"10":{"start":{"line":20,"column":12},"end":{"line":22,"column":80}},"11":{"start":{"line":25,"column":12},"end":{"line":25,"column":71}},"12":{"start":{"line":29,"column":0},"end":{"line":39,"column":3}},"13":{"start":{"line":30,"column":25},"end":{"line":30,"column":33}},"14":{"start":{"line":32,"column":4},"end":{"line":38,"column":11}},"15":{"start":{"line":34,"column":10},"end":{"line":34,"column":39}},"16":{"start":{"line":37,"column":10},"end":{"line":37,"column":78}},"17":{"start":{"line":41,"column":1},"end":{"line":59,"column":3}},"18":{"start":{"line":42,"column":19},"end":{"line":42,"column":29}},"19":{"start":{"line":43,"column":20},"end":{"line":43,"column":28}},"20":{"start":{"line":45,"column":4},"end":{"line":58,"column":9}},"21":{"start":{"line":47,"column":10},"end":{"line":54,"column":11}},"22":{"start":{"line":48,"column":13},"end":{"line":51,"column":18}},"23":{"start":{"line":50,"column":19},"end":{"line":50,"column":43}},"24":{"start":{"line":53,"column":13},"end":{"line":53,"column":92}},"25":{"start":{"line":57,"column":10},"end":{"line":57,"column":71}},"26":{"start":{"line":61,"column":1},"end":{"line":73,"column":3}},"27":{"start":{"line":62,"column":19},"end":{"line":62,"column":29}},"28":{"start":{"line":64,"column":4},"end":{"line":72,"column":11}},"29":{"start":{"line":66,"column":10},"end":{"line":68,"column":94}},"30":{"start":{"line":71,"column":10},"end":{"line":71,"column":77}},"31":{"start":{"line":75,"column":0},"end":{"line":75,"column":24}}},"fnMap":{"0":{"name":"(anonymous_0)","decl":{"start":{"line":5,"column":16},"end":{"line":5,"column":17}},"loc":{"start":{"line":5,"column":30},"end":{"line":13,"column":1}},"line":5},"1":{"name":"(anonymous_1)","decl":{"start":{"line":7,"column":14},"end":{"line":7,"column":15}},"loc":{"start":{"line":7,"column":26},"end":{"line":9,"column":9}},"line":7},"2":{"name":"(anonymous_2)","decl":{"start":{"line":10,"column":15},"end":{"line":10,"column":16}},"loc":{"start":{"line":10,"column":22},"end":{"line":12,"column":9}},"line":10},"3":{"name":"(anonymous_3)","decl":{"start":{"line":15,"column":19},"end":{"line":15,"column":20}},"loc":{"start":{"line":15,"column":33},"end":{"line":27,"column":1}},"line":15},"4":{"name":"(anonymous_4)","decl":{"start":{"line":19,"column":14},"end":{"line":19,"column":15}},"loc":{"start":{"line":19,"column":25},"end":{"line":23,"column":9}},"line":19},"5":{"name":"(anonymous_5)","decl":{"start":{"line":24,"column":15},"end":{"line":24,"column":16}},"loc":{"start":{"line":24,"column":22},"end":{"line":26,"column":9}},"line":24},"6":{"name":"(anonymous_6)","decl":{"start":{"line":29,"column":17},"end":{"line":29,"column":18}},"loc":{"start":{"line":29,"column":31},"end":{"line":39,"column":2}},"line":29},"7":{"name":"(anonymous_7)","decl":{"start":{"line":33,"column":13},"end":{"line":33,"column":14}},"loc":{"start":{"line":33,"column":24},"end":{"line":35,"column":8}},"line":33},"8":{"name":"(anonymous_8)","decl":{"start":{"line":36,"column":15},"end":{"line":36,"column":16}},"loc":{"start":{"line":36,"column":22},"end":{"line":38,"column":9}},"line":36},"9":{"name":"(anonymous_9)","decl":{"start":{"line":41,"column":20},"end":{"line":41,"column":21}},"loc":{"start":{"line":41,"column":34},"end":{"line":59,"column":2}},"line":41},"10":{"name":"(anonymous_10)","decl":{"start":{"line":46,"column":13},"end":{"line":46,"column":14}},"loc":{"start":{"line":46,"column":24},"end":{"line":55,"column":8}},"line":46},"11":{"name":"(anonymous_11)","decl":{"start":{"line":49,"column":22},"end":{"line":49,"column":23}},"loc":{"start":{"line":49,"column":40},"end":{"line":51,"column":17}},"line":49},"12":{"name":"(anonymous_12)","decl":{"start":{"line":56,"column":14},"end":{"line":56,"column":15}},"loc":{"start":{"line":56,"column":21},"end":{"line":58,"column":8}},"line":56},"13":{"name":"(anonymous_13)","decl":{"start":{"line":61,"column":23},"end":{"line":61,"column":24}},"loc":{"start":{"line":61,"column":37},"end":{"line":73,"column":2}},"line":61},"14":{"name":"(anonymous_14)","decl":{"start":{"line":65,"column":13},"end":{"line":65,"column":14}},"loc":{"start":{"line":65,"column":24},"end":{"line":69,"column":8}},"line":65},"15":{"name":"(anonymous_15)","decl":{"start":{"line":70,"column":14},"end":{"line":70,"column":15}},"loc":{"start":{"line":70,"column":21},"end":{"line":72,"column":9}},"line":70}},"branchMap":{"0":{"loc":{"start":{"line":20,"column":12},"end":{"line":22,"column":80}},"type":"cond-expr","locations":[{"start":{"line":21,"column":18},"end":{"line":21,"column":35}},{"start":{"line":22,"column":18},"end":{"line":22,"column":80}}],"line":20},"1":{"loc":{"start":{"line":47,"column":10},"end":{"line":54,"column":11}},"type":"if","locations":[{"start":{"line":47,"column":10},"end":{"line":54,"column":11}},{"start":{"line":47,"column":10},"end":{"line":54,"column":11}}],"line":47},"2":{"loc":{"start":{"line":66,"column":10},"end":{"line":68,"column":94}},"type":"cond-expr","locations":[{"start":{"line":67,"column":15},"end":{"line":67,"column":45}},{"start":{"line":68,"column":15},"end":{"line":68,"column":94}}],"line":66}},"s":{"0":8,"1":8,"2":8,"3":8,"4":0,"5":0,"6":0,"7":8,"8":0,"9":0,"10":0,"11":0,"12":8,"13":0,"14":0,"15":0,"16":0,"17":8,"18":0,"19":0,"20":0,"21":0,"22":0,"23":0,"24":0,"25":0,"26":8,"27":0,"28":0,"29":0,"30":0,"31":8},"f":{"0":0,"1":0,"2":0,"3":0,"4":0,"5":0,"6":0,"7":0,"8":0,"9":0,"10":0,"11":0,"12":0,"13":0,"14":0,"15":0},"b":{"0":[0,0],"1":[0,0],"2":[0,0]},"_coverageSchema":"1a1c01bbd47fc00a2c39e90264f33305004495a9","hash":"7b43a1f0cad85db8d1b8da30d2c21f4458dbb773"}
,"C:\\Users\\emily\\Documents\\GitHub\\Studium-BE\\resources\\users\\users-model.js": {"path":"C:\\Users\\emily\\Documents\\GitHub\\Studium-BE\\resources\\users\\users-model.js","statementMap":{"0":{"start":{"line":1,"column":11},"end":{"line":1,"column":43}},"1":{"start":{"line":3,"column":13},"end":{"line":5,"column":1}},"2":{"start":{"line":4,"column":3},"end":{"line":4,"column":21}},"3":{"start":{"line":7,"column":17},"end":{"line":11,"column":1}},"4":{"start":{"line":8,"column":3},"end":{"line":10,"column":14}},"5":{"start":{"line":13,"column":15},"end":{"line":16,"column":1}},"6":{"start":{"line":14,"column":3},"end":{"line":15,"column":20}},"7":{"start":{"line":18,"column":25},"end":{"line":20,"column":1}},"8":{"start":{"line":19,"column":3},"end":{"line":19,"column":40}},"9":{"start":{"line":22,"column":12},"end":{"line":25,"column":1}},"10":{"start":{"line":23,"column":3},"end":{"line":24,"column":25}},"11":{"start":{"line":27,"column":15},"end":{"line":31,"column":1}},"12":{"start":{"line":28,"column":3},"end":{"line":30,"column":22}},"13":{"start":{"line":33,"column":15},"end":{"line":37,"column":1}},"14":{"start":{"line":34,"column":3},"end":{"line":36,"column":12}},"15":{"start":{"line":39,"column":0},"end":{"line":47,"column":1}}},"fnMap":{"0":{"name":"(anonymous_0)","decl":{"start":{"line":3,"column":13},"end":{"line":3,"column":14}},"loc":{"start":{"line":3,"column":19},"end":{"line":5,"column":1}},"line":3},"1":{"name":"(anonymous_1)","decl":{"start":{"line":7,"column":17},"end":{"line":7,"column":18}},"loc":{"start":{"line":7,"column":25},"end":{"line":11,"column":1}},"line":7},"2":{"name":"(anonymous_2)","decl":{"start":{"line":13,"column":15},"end":{"line":13,"column":16}},"loc":{"start":{"line":13,"column":27},"end":{"line":16,"column":1}},"line":13},"3":{"name":"(anonymous_3)","decl":{"start":{"line":18,"column":25},"end":{"line":18,"column":26}},"loc":{"start":{"line":18,"column":38},"end":{"line":20,"column":1}},"line":18},"4":{"name":"(anonymous_4)","decl":{"start":{"line":22,"column":12},"end":{"line":22,"column":13}},"loc":{"start":{"line":22,"column":22},"end":{"line":25,"column":1}},"line":22},"5":{"name":"(anonymous_5)","decl":{"start":{"line":27,"column":15},"end":{"line":27,"column":16}},"loc":{"start":{"line":27,"column":32},"end":{"line":31,"column":1}},"line":27},"6":{"name":"(anonymous_6)","decl":{"start":{"line":33,"column":15},"end":{"line":33,"column":16}},"loc":{"start":{"line":33,"column":23},"end":{"line":37,"column":1}},"line":33}},"branchMap":{},"s":{"0":8,"1":8,"2":1,"3":8,"4":0,"5":8,"6":0,"7":8,"8":0,"9":8,"10":0,"11":8,"12":0,"13":8,"14":0,"15":8},"f":{"0":1,"1":0,"2":0,"3":0,"4":0,"5":0,"6":0},"b":{},"_coverageSchema":"1a1c01bbd47fc00a2c39e90264f33305004495a9","hash":"fe72c6cb7171463a73684e4ff9b19033802d5fa9"}
}
