{"/Users/anthonylopez/LambdaSchool/Labs-TL/Studium-BE/index.js": {"path":"/Users/anthonylopez/LambdaSchool/Labs-TL/Studium-BE/index.js","statementMap":{"0":{"start":{"line":1,"column":0},"end":{"line":1,"column":26}},"1":{"start":{"line":3,"column":15},"end":{"line":3,"column":41}},"2":{"start":{"line":5,"column":13},"end":{"line":5,"column":37}},"3":{"start":{"line":6,"column":0},"end":{"line":6,"column":75}},"4":{"start":{"line":6,"column":26},"end":{"line":6,"column":74}}},"fnMap":{"0":{"name":"(anonymous_0)","decl":{"start":{"line":6,"column":20},"end":{"line":6,"column":21}},"loc":{"start":{"line":6,"column":26},"end":{"line":6,"column":74}},"line":6}},"branchMap":{"0":{"loc":{"start":{"line":5,"column":13},"end":{"line":5,"column":37}},"type":"binary-expr","locations":[{"start":{"line":5,"column":13},"end":{"line":5,"column":29}},{"start":{"line":5,"column":33},"end":{"line":5,"column":37}}],"line":5}},"s":{"0":0,"1":0,"2":0,"3":0,"4":0},"f":{"0":0},"b":{"0":[0,0]}}
,"/Users/anthonylopez/LambdaSchool/Labs-TL/Studium-BE/knexfile.js": {"path":"/Users/anthonylopez/LambdaSchool/Labs-TL/Studium-BE/knexfile.js","statementMap":{"0":{"start":{"line":1,"column":0},"end":{"line":1,"column":27}},"1":{"start":{"line":3,"column":0},"end":{"line":55,"column":1}},"2":{"start":{"line":18,"column":8},"end":{"line":18,"column":51}},"3":{"start":{"line":38,"column":8},"end":{"line":38,"column":51}}},"fnMap":{"0":{"name":"(anonymous_0)","decl":{"start":{"line":17,"column":19},"end":{"line":17,"column":20}},"loc":{"start":{"line":17,"column":35},"end":{"line":19,"column":7}},"line":17},"1":{"name":"(anonymous_1)","decl":{"start":{"line":37,"column":19},"end":{"line":37,"column":20}},"loc":{"start":{"line":37,"column":35},"end":{"line":39,"column":7}},"line":37}},"branchMap":{},"s":{"0":3,"1":3,"2":0,"3":0},"f":{"0":0,"1":0},"b":{},"_coverageSchema":"1a1c01bbd47fc00a2c39e90264f33305004495a9","hash":"41d2dc55c390b995af5386b4051a60cb72bfd3a1"}
,"/Users/anthonylopez/LambdaSchool/Labs-TL/Studium-BE/api/server.js": {"path":"/Users/anthonylopez/LambdaSchool/Labs-TL/Studium-BE/api/server.js","statementMap":{"0":{"start":{"line":1,"column":16},"end":{"line":1,"column":34}},"1":{"start":{"line":2,"column":15},"end":{"line":2,"column":32}},"2":{"start":{"line":3,"column":13},"end":{"line":3,"column":28}},"3":{"start":{"line":5,"column":20},"end":{"line":5,"column":65}},"4":{"start":{"line":6,"column":20},"end":{"line":6,"column":65}},"5":{"start":{"line":7,"column":20},"end":{"line":7,"column":65}},"6":{"start":{"line":8,"column":23},"end":{"line":8,"column":74}},"7":{"start":{"line":9,"column":19},"end":{"line":9,"column":62}},"8":{"start":{"line":10,"column":19},"end":{"line":10,"column":52}},"9":{"start":{"line":13,"column":15},"end":{"line":13,"column":24}},"10":{"start":{"line":15,"column":0},"end":{"line":15,"column":20}},"11":{"start":{"line":16,"column":0},"end":{"line":16,"column":26}},"12":{"start":{"line":17,"column":0},"end":{"line":17,"column":18}},"13":{"start":{"line":19,"column":0},"end":{"line":19,"column":37}},"14":{"start":{"line":20,"column":0},"end":{"line":20,"column":37}},"15":{"start":{"line":21,"column":0},"end":{"line":21,"column":37}},"16":{"start":{"line":22,"column":0},"end":{"line":22,"column":43}},"17":{"start":{"line":23,"column":0},"end":{"line":23,"column":35}},"18":{"start":{"line":24,"column":0},"end":{"line":24,"column":35}},"19":{"start":{"line":26,"column":0},"end":{"line":28,"column":2}},"20":{"start":{"line":27,"column":3},"end":{"line":27,"column":54}},"21":{"start":{"line":30,"column":0},"end":{"line":30,"column":24}}},"fnMap":{"0":{"name":"(anonymous_0)","decl":{"start":{"line":26,"column":16},"end":{"line":26,"column":17}},"loc":{"start":{"line":26,"column":30},"end":{"line":28,"column":1}},"line":26}},"branchMap":{},"s":{"0":2,"1":2,"2":2,"3":2,"4":2,"5":2,"6":2,"7":2,"8":2,"9":2,"10":2,"11":2,"12":2,"13":2,"14":2,"15":2,"16":2,"17":2,"18":2,"19":2,"20":1,"21":2},"f":{"0":1},"b":{},"_coverageSchema":"1a1c01bbd47fc00a2c39e90264f33305004495a9","hash":"5ed53cca0376c1a790f8d87a6dee06cfeb0ddf5a"}
,"/Users/anthonylopez/LambdaSchool/Labs-TL/Studium-BE/auth/auth-router.js": {"path":"/Users/anthonylopez/LambdaSchool/Labs-TL/Studium-BE/auth/auth-router.js","statementMap":{"0":{"start":{"line":1,"column":15},"end":{"line":1,"column":42}},"1":{"start":{"line":2,"column":13},"end":{"line":2,"column":57}},"2":{"start":{"line":3,"column":15},"end":{"line":3,"column":34}},"3":{"start":{"line":4,"column":15},"end":{"line":4,"column":45}},"4":{"start":{"line":5,"column":12},"end":{"line":5,"column":35}},"5":{"start":{"line":16,"column":0},"end":{"line":39,"column":3}},"6":{"start":{"line":18,"column":15},"end":{"line":18,"column":23}},"7":{"start":{"line":19,"column":15},"end":{"line":19,"column":49}},"8":{"start":{"line":20,"column":2},"end":{"line":20,"column":22}},"9":{"start":{"line":22,"column":2},"end":{"line":37,"column":6}},"10":{"start":{"line":24,"column":6},"end":{"line":33,"column":6}},"11":{"start":{"line":25,"column":22},"end":{"line":25,"column":41}},"12":{"start":{"line":26,"column":8},"end":{"line":30,"column":9}},"13":{"start":{"line":32,"column":9},"end":{"line":32,"column":77}},"14":{"start":{"line":36,"column":6},"end":{"line":36,"column":68}},"15":{"start":{"line":41,"column":0},"end":{"line":63,"column":3}},"16":{"start":{"line":43,"column":31},"end":{"line":43,"column":39}},"17":{"start":{"line":45,"column":2},"end":{"line":62,"column":8}},"18":{"start":{"line":48,"column":8},"end":{"line":48,"column":25}},"19":{"start":{"line":49,"column":10},"end":{"line":58,"column":11}},"20":{"start":{"line":50,"column":27},"end":{"line":50,"column":46}},"21":{"start":{"line":51,"column":13},"end":{"line":55,"column":14}},"22":{"start":{"line":57,"column":14},"end":{"line":57,"column":81}},"23":{"start":{"line":61,"column":10},"end":{"line":61,"column":85}},"24":{"start":{"line":65,"column":18},"end":{"line":68,"column":3}},"25":{"start":{"line":69,"column":18},"end":{"line":71,"column":3}},"26":{"start":{"line":73,"column":2},"end":{"line":73,"column":53}},"27":{"start":{"line":76,"column":0},"end":{"line":76,"column":24}}},"fnMap":{"0":{"name":"(anonymous_0)","decl":{"start":{"line":16,"column":25},"end":{"line":16,"column":26}},"loc":{"start":{"line":16,"column":39},"end":{"line":39,"column":1}},"line":16},"1":{"name":"(anonymous_1)","decl":{"start":{"line":23,"column":10},"end":{"line":23,"column":11}},"loc":{"start":{"line":23,"column":20},"end":{"line":34,"column":5}},"line":23},"2":{"name":"(anonymous_2)","decl":{"start":{"line":35,"column":11},"end":{"line":35,"column":12}},"loc":{"start":{"line":35,"column":17},"end":{"line":37,"column":5}},"line":35},"3":{"name":"(anonymous_3)","decl":{"start":{"line":41,"column":22},"end":{"line":41,"column":23}},"loc":{"start":{"line":41,"column":36},"end":{"line":63,"column":1}},"line":41},"4":{"name":"(anonymous_4)","decl":{"start":{"line":47,"column":12},"end":{"line":47,"column":13}},"loc":{"start":{"line":47,"column":20},"end":{"line":59,"column":7}},"line":47},"5":{"name":"(anonymous_5)","decl":{"start":{"line":60,"column":13},"end":{"line":60,"column":14}},"loc":{"start":{"line":60,"column":20},"end":{"line":62,"column":7}},"line":60},"6":{"name":"generateToken","decl":{"start":{"line":64,"column":9},"end":{"line":64,"column":22}},"loc":{"start":{"line":64,"column":29},"end":{"line":74,"column":1}},"line":64}},"branchMap":{"0":{"loc":{"start":{"line":24,"column":6},"end":{"line":33,"column":6}},"type":"if","locations":[{"start":{"line":24,"column":6},"end":{"line":33,"column":6}},{"start":{"line":24,"column":6},"end":{"line":33,"column":6}}],"line":24},"1":{"loc":{"start":{"line":49,"column":10},"end":{"line":58,"column":11}},"type":"if","locations":[{"start":{"line":49,"column":10},"end":{"line":58,"column":11}},{"start":{"line":49,"column":10},"end":{"line":58,"column":11}}],"line":49},"2":{"loc":{"start":{"line":49,"column":14},"end":{"line":49,"column":65}},"type":"binary-expr","locations":[{"start":{"line":49,"column":14},"end":{"line":49,"column":18}},{"start":{"line":49,"column":22},"end":{"line":49,"column":65}}],"line":49}},"s":{"0":2,"1":2,"2":2,"3":2,"4":2,"5":2,"6":0,"7":0,"8":0,"9":0,"10":0,"11":0,"12":0,"13":0,"14":0,"15":2,"16":0,"17":0,"18":0,"19":0,"20":0,"21":0,"22":0,"23":0,"24":0,"25":0,"26":0,"27":2},"f":{"0":0,"1":0,"2":0,"3":0,"4":0,"5":0,"6":0},"b":{"0":[0,0],"1":[0,0],"2":[0,0]},"_coverageSchema":"1a1c01bbd47fc00a2c39e90264f33305004495a9","hash":"0adfdf708bbc57678debaf2385a47c0e4f5795c4"}
,"/Users/anthonylopez/LambdaSchool/Labs-TL/Studium-BE/auth/auth-specs.js": {"path":"/Users/anthonylopez/LambdaSchool/Labs-TL/Studium-BE/auth/auth-specs.js","statementMap":{"0":{"start":{"line":1,"column":16},"end":{"line":1,"column":36}},"1":{"start":{"line":2,"column":11},"end":{"line":2,"column":45}},"2":{"start":{"line":3,"column":15},"end":{"line":3,"column":42}},"3":{"start":{"line":5,"column":0},"end":{"line":49,"column":3}},"4":{"start":{"line":6,"column":4},"end":{"line":8,"column":7}},"5":{"start":{"line":7,"column":8},"end":{"line":7,"column":37}},"6":{"start":{"line":10,"column":4},"end":{"line":28,"column":7}},"7":{"start":{"line":11,"column":8},"end":{"line":18,"column":11}},"8":{"start":{"line":12,"column":12},"end":{"line":17,"column":19}},"9":{"start":{"line":16,"column":20},"end":{"line":16,"column":48}},"10":{"start":{"line":20,"column":8},"end":{"line":27,"column":11}},"11":{"start":{"line":21,"column":12},"end":{"line":26,"column":19}},"12":{"start":{"line":25,"column":20},"end":{"line":25,"column":49}},"13":{"start":{"line":30,"column":4},"end":{"line":48,"column":7}},"14":{"start":{"line":31,"column":8},"end":{"line":38,"column":11}},"15":{"start":{"line":32,"column":12},"end":{"line":37,"column":19}},"16":{"start":{"line":36,"column":20},"end":{"line":36,"column":49}},"17":{"start":{"line":40,"column":8},"end":{"line":47,"column":11}},"18":{"start":{"line":41,"column":12},"end":{"line":46,"column":19}},"19":{"start":{"line":45,"column":20},"end":{"line":45,"column":49}}},"fnMap":{"0":{"name":"(anonymous_0)","decl":{"start":{"line":5,"column":24},"end":{"line":5,"column":25}},"loc":{"start":{"line":5,"column":30},"end":{"line":49,"column":1}},"line":5},"1":{"name":"(anonymous_1)","decl":{"start":{"line":6,"column":15},"end":{"line":6,"column":16}},"loc":{"start":{"line":6,"column":27},"end":{"line":8,"column":5}},"line":6},"2":{"name":"(anonymous_2)","decl":{"start":{"line":10,"column":31},"end":{"line":10,"column":32}},"loc":{"start":{"line":10,"column":37},"end":{"line":28,"column":5}},"line":10},"3":{"name":"(anonymous_3)","decl":{"start":{"line":11,"column":29},"end":{"line":11,"column":30}},"loc":{"start":{"line":11,"column":35},"end":{"line":18,"column":9}},"line":11},"4":{"name":"(anonymous_4)","decl":{"start":{"line":15,"column":22},"end":{"line":15,"column":23}},"loc":{"start":{"line":15,"column":29},"end":{"line":17,"column":17}},"line":15},"5":{"name":"(anonymous_5)","decl":{"start":{"line":20,"column":48},"end":{"line":20,"column":49}},"loc":{"start":{"line":20,"column":54},"end":{"line":27,"column":9}},"line":20},"6":{"name":"(anonymous_6)","decl":{"start":{"line":24,"column":22},"end":{"line":24,"column":23}},"loc":{"start":{"line":24,"column":29},"end":{"line":26,"column":17}},"line":24},"7":{"name":"(anonymous_7)","decl":{"start":{"line":30,"column":28},"end":{"line":30,"column":29}},"loc":{"start":{"line":30,"column":34},"end":{"line":48,"column":5}},"line":30},"8":{"name":"(anonymous_8)","decl":{"start":{"line":31,"column":46},"end":{"line":31,"column":47}},"loc":{"start":{"line":31,"column":52},"end":{"line":38,"column":9}},"line":31},"9":{"name":"(anonymous_9)","decl":{"start":{"line":35,"column":22},"end":{"line":35,"column":23}},"loc":{"start":{"line":35,"column":29},"end":{"line":37,"column":17}},"line":35},"10":{"name":"(anonymous_10)","decl":{"start":{"line":40,"column":33},"end":{"line":40,"column":34}},"loc":{"start":{"line":40,"column":39},"end":{"line":47,"column":9}},"line":40},"11":{"name":"(anonymous_11)","decl":{"start":{"line":44,"column":22},"end":{"line":44,"column":23}},"loc":{"start":{"line":44,"column":29},"end":{"line":46,"column":17}},"line":44}},"branchMap":{},"s":{"0":0,"1":0,"2":0,"3":0,"4":0,"5":0,"6":0,"7":0,"8":0,"9":0,"10":0,"11":0,"12":0,"13":0,"14":0,"15":0,"16":0,"17":0,"18":0,"19":0},"f":{"0":0,"1":0,"2":0,"3":0,"4":0,"5":0,"6":0,"7":0,"8":0,"9":0,"10":0,"11":0},"b":{}}
,"/Users/anthonylopez/LambdaSchool/Labs-TL/Studium-BE/auth/authenticate-middleware.js": {"path":"/Users/anthonylopez/LambdaSchool/Labs-TL/Studium-BE/auth/authenticate-middleware.js","statementMap":{"0":{"start":{"line":1,"column":12},"end":{"line":1,"column":35}},"1":{"start":{"line":2,"column":16},"end":{"line":2,"column":43}},"2":{"start":{"line":5,"column":0},"end":{"line":20,"column":2}},"3":{"start":{"line":6,"column":16},"end":{"line":6,"column":41}},"4":{"start":{"line":7,"column":2},"end":{"line":19,"column":3}},"5":{"start":{"line":8,"column":4},"end":{"line":16,"column":6}},"6":{"start":{"line":9,"column":6},"end":{"line":15,"column":7}},"7":{"start":{"line":10,"column":8},"end":{"line":10,"column":26}},"8":{"start":{"line":11,"column":8},"end":{"line":11,"column":59}},"9":{"start":{"line":13,"column":8},"end":{"line":13,"column":39}},"10":{"start":{"line":14,"column":8},"end":{"line":14,"column":14}},"11":{"start":{"line":18,"column":4},"end":{"line":18,"column":90}}},"fnMap":{"0":{"name":"(anonymous_0)","decl":{"start":{"line":5,"column":17},"end":{"line":5,"column":18}},"loc":{"start":{"line":5,"column":37},"end":{"line":20,"column":1}},"line":5},"1":{"name":"(anonymous_1)","decl":{"start":{"line":8,"column":41},"end":{"line":8,"column":42}},"loc":{"start":{"line":8,"column":66},"end":{"line":16,"column":5}},"line":8}},"branchMap":{"0":{"loc":{"start":{"line":7,"column":2},"end":{"line":19,"column":3}},"type":"if","locations":[{"start":{"line":7,"column":2},"end":{"line":19,"column":3}},{"start":{"line":7,"column":2},"end":{"line":19,"column":3}}],"line":7},"1":{"loc":{"start":{"line":9,"column":6},"end":{"line":15,"column":7}},"type":"if","locations":[{"start":{"line":9,"column":6},"end":{"line":15,"column":7}},{"start":{"line":9,"column":6},"end":{"line":15,"column":7}}],"line":9}},"s":{"0":2,"1":2,"2":2,"3":0,"4":0,"5":0,"6":0,"7":0,"8":0,"9":0,"10":0,"11":0},"f":{"0":0,"1":0},"b":{"0":[0,0],"1":[0,0]},"_coverageSchema":"1a1c01bbd47fc00a2c39e90264f33305004495a9","hash":"0254be9fddf03c0b41978b89d5222a672b311b79"}
,"/Users/anthonylopez/LambdaSchool/Labs-TL/Studium-BE/config/secret.js": {"path":"/Users/anthonylopez/LambdaSchool/Labs-TL/Studium-BE/config/secret.js","statementMap":{"0":{"start":{"line":1,"column":0},"end":{"line":3,"column":1}}},"fnMap":{},"branchMap":{"0":{"loc":{"start":{"line":2,"column":15},"end":{"line":2,"column":50}},"type":"binary-expr","locations":[{"start":{"line":2,"column":15},"end":{"line":2,"column":37}},{"start":{"line":2,"column":41},"end":{"line":2,"column":50}}],"line":2}},"s":{"0":2},"f":{},"b":{"0":[2,2]},"_coverageSchema":"1a1c01bbd47fc00a2c39e90264f33305004495a9","hash":"bf6481f45c4555c8df9d726f8c35100b16b2c932"}
,"/Users/anthonylopez/LambdaSchool/Labs-TL/Studium-BE/db/db-config.js": {"path":"/Users/anthonylopez/LambdaSchool/Labs-TL/Studium-BE/db/db-config.js","statementMap":{"0":{"start":{"line":1,"column":0},"end":{"line":1,"column":27}},"1":{"start":{"line":2,"column":13},"end":{"line":2,"column":28}},"2":{"start":{"line":3,"column":15},"end":{"line":3,"column":40}},"3":{"start":{"line":5,"column":20},"end":{"line":5,"column":54}},"4":{"start":{"line":7,"column":0},"end":{"line":7,"column":42}}},"fnMap":{},"branchMap":{"0":{"loc":{"start":{"line":5,"column":20},"end":{"line":5,"column":54}},"type":"binary-expr","locations":[{"start":{"line":5,"column":20},"end":{"line":5,"column":38}},{"start":{"line":5,"column":42},"end":{"line":5,"column":54}}],"line":5}},"s":{"0":3,"1":3,"2":3,"3":3,"4":3},"f":{},"b":{"0":[3,3]},"_coverageSchema":"1a1c01bbd47fc00a2c39e90264f33305004495a9","hash":"7b1c819c27f13bfd8f855796e5143f901f4af1ef"}
,"/Users/anthonylopez/LambdaSchool/Labs-TL/Studium-BE/db/migrations/20200526221923_creeate-users-table.js": {"path":"/Users/anthonylopez/LambdaSchool/Labs-TL/Studium-BE/db/migrations/20200526221923_creeate-users-table.js","statementMap":{"0":{"start":{"line":2,"column":0},"end":{"line":29,"column":2}},"1":{"start":{"line":3,"column":4},"end":{"line":28,"column":6}},"2":{"start":{"line":4,"column":8},"end":{"line":4,"column":25}},"3":{"start":{"line":5,"column":8},"end":{"line":6,"column":27}},"4":{"start":{"line":7,"column":8},"end":{"line":8,"column":27}},"5":{"start":{"line":9,"column":8},"end":{"line":11,"column":22}},"6":{"start":{"line":12,"column":8},"end":{"line":14,"column":22}},"7":{"start":{"line":15,"column":8},"end":{"line":16,"column":27}},"8":{"start":{"line":17,"column":8},"end":{"line":19,"column":26}},"9":{"start":{"line":20,"column":8},"end":{"line":22,"column":26}},"10":{"start":{"line":23,"column":8},"end":{"line":25,"column":26}},"11":{"start":{"line":26,"column":8},"end":{"line":26,"column":54}},"12":{"start":{"line":27,"column":8},"end":{"line":27,"column":31}},"13":{"start":{"line":31,"column":0},"end":{"line":33,"column":2}},"14":{"start":{"line":32,"column":4},"end":{"line":32,"column":50}}},"fnMap":{"0":{"name":"(anonymous_0)","decl":{"start":{"line":2,"column":13},"end":{"line":2,"column":14}},"loc":{"start":{"line":2,"column":29},"end":{"line":29,"column":1}},"line":2},"1":{"name":"(anonymous_1)","decl":{"start":{"line":3,"column":44},"end":{"line":3,"column":45}},"loc":{"start":{"line":3,"column":51},"end":{"line":28,"column":5}},"line":3},"2":{"name":"(anonymous_2)","decl":{"start":{"line":31,"column":15},"end":{"line":31,"column":16}},"loc":{"start":{"line":31,"column":31},"end":{"line":33,"column":1}},"line":31}},"branchMap":{},"s":{"0":0,"1":0,"2":0,"3":0,"4":0,"5":0,"6":0,"7":0,"8":0,"9":0,"10":0,"11":0,"12":0,"13":0,"14":0},"f":{"0":0,"1":0,"2":0},"b":{}}
,"/Users/anthonylopez/LambdaSchool/Labs-TL/Studium-BE/db/migrations/20200527234641_create-decks-table.js": {"path":"/Users/anthonylopez/LambdaSchool/Labs-TL/Studium-BE/db/migrations/20200527234641_create-decks-table.js","statementMap":{"0":{"start":{"line":2,"column":0},"end":{"line":23,"column":2}},"1":{"start":{"line":3,"column":4},"end":{"line":22,"column":6}},"2":{"start":{"line":4,"column":8},"end":{"line":4,"column":25}},"3":{"start":{"line":5,"column":8},"end":{"line":9,"column":29}},"4":{"start":{"line":10,"column":8},"end":{"line":11,"column":27}},"5":{"start":{"line":12,"column":8},"end":{"line":12,"column":30}},"6":{"start":{"line":13,"column":8},"end":{"line":13,"column":33}},"7":{"start":{"line":14,"column":8},"end":{"line":15,"column":29}},"8":{"start":{"line":16,"column":8},"end":{"line":16,"column":30}},"9":{"start":{"line":17,"column":8},"end":{"line":19,"column":38}},"10":{"start":{"line":20,"column":8},"end":{"line":21,"column":38}},"11":{"start":{"line":25,"column":0},"end":{"line":27,"column":2}},"12":{"start":{"line":26,"column":4},"end":{"line":26,"column":50}}},"fnMap":{"0":{"name":"(anonymous_0)","decl":{"start":{"line":2,"column":13},"end":{"line":2,"column":14}},"loc":{"start":{"line":2,"column":29},"end":{"line":23,"column":1}},"line":2},"1":{"name":"(anonymous_1)","decl":{"start":{"line":3,"column":44},"end":{"line":3,"column":45}},"loc":{"start":{"line":3,"column":51},"end":{"line":22,"column":5}},"line":3},"2":{"name":"(anonymous_2)","decl":{"start":{"line":25,"column":15},"end":{"line":25,"column":16}},"loc":{"start":{"line":25,"column":31},"end":{"line":27,"column":1}},"line":25}},"branchMap":{},"s":{"0":0,"1":0,"2":0,"3":0,"4":0,"5":0,"6":0,"7":0,"8":0,"9":0,"10":0,"11":0,"12":0},"f":{"0":0,"1":0,"2":0},"b":{}}
,"/Users/anthonylopez/LambdaSchool/Labs-TL/Studium-BE/db/migrations/20200528232842_create-cards-table.js": {"path":"/Users/anthonylopez/LambdaSchool/Labs-TL/Studium-BE/db/migrations/20200528232842_create-cards-table.js","statementMap":{"0":{"start":{"line":2,"column":0},"end":{"line":29,"column":2}},"1":{"start":{"line":3,"column":4},"end":{"line":28,"column":6}},"2":{"start":{"line":4,"column":8},"end":{"line":4,"column":25}},"3":{"start":{"line":5,"column":8},"end":{"line":9,"column":30}},"4":{"start":{"line":10,"column":8},"end":{"line":11,"column":27}},"5":{"start":{"line":12,"column":8},"end":{"line":13,"column":27}},"6":{"start":{"line":14,"column":8},"end":{"line":14,"column":28}},"7":{"start":{"line":15,"column":8},"end":{"line":17,"column":38}},"8":{"start":{"line":18,"column":8},"end":{"line":20,"column":38}},"9":{"start":{"line":21,"column":8},"end":{"line":23,"column":26}},"10":{"start":{"line":24,"column":8},"end":{"line":26,"column":38}},"11":{"start":{"line":27,"column":8},"end":{"line":27,"column":31}},"12":{"start":{"line":31,"column":0},"end":{"line":33,"column":2}},"13":{"start":{"line":32,"column":4},"end":{"line":32,"column":50}}},"fnMap":{"0":{"name":"(anonymous_0)","decl":{"start":{"line":2,"column":13},"end":{"line":2,"column":14}},"loc":{"start":{"line":2,"column":29},"end":{"line":29,"column":1}},"line":2},"1":{"name":"(anonymous_1)","decl":{"start":{"line":3,"column":44},"end":{"line":3,"column":45}},"loc":{"start":{"line":3,"column":51},"end":{"line":28,"column":5}},"line":3},"2":{"name":"(anonymous_2)","decl":{"start":{"line":31,"column":15},"end":{"line":31,"column":16}},"loc":{"start":{"line":31,"column":31},"end":{"line":33,"column":1}},"line":31}},"branchMap":{},"s":{"0":0,"1":0,"2":0,"3":0,"4":0,"5":0,"6":0,"7":0,"8":0,"9":0,"10":0,"11":0,"12":0,"13":0},"f":{"0":0,"1":0,"2":0},"b":{}}
,"/Users/anthonylopez/LambdaSchool/Labs-TL/Studium-BE/db/migrations/20200531212312_create-tags-table.js": {"path":"/Users/anthonylopez/LambdaSchool/Labs-TL/Studium-BE/db/migrations/20200531212312_create-tags-table.js","statementMap":{"0":{"start":{"line":2,"column":0},"end":{"line":44,"column":2}},"1":{"start":{"line":3,"column":4},"end":{"line":43,"column":10}},"2":{"start":{"line":5,"column":12},"end":{"line":5,"column":29}},"3":{"start":{"line":6,"column":12},"end":{"line":7,"column":31}},"4":{"start":{"line":8,"column":12},"end":{"line":8,"column":41}},"5":{"start":{"line":11,"column":12},"end":{"line":11,"column":29}},"6":{"start":{"line":12,"column":12},"end":{"line":18,"column":37}},"7":{"start":{"line":19,"column":12},"end":{"line":25,"column":37}},"8":{"start":{"line":28,"column":12},"end":{"line":28,"column":29}},"9":{"start":{"line":29,"column":12},"end":{"line":35,"column":37}},"10":{"start":{"line":36,"column":12},"end":{"line":42,"column":37}},"11":{"start":{"line":46,"column":0},"end":{"line":51,"column":2}},"12":{"start":{"line":47,"column":4},"end":{"line":50,"column":35}}},"fnMap":{"0":{"name":"(anonymous_0)","decl":{"start":{"line":2,"column":13},"end":{"line":2,"column":14}},"loc":{"start":{"line":2,"column":29},"end":{"line":44,"column":1}},"line":2},"1":{"name":"(anonymous_1)","decl":{"start":{"line":4,"column":29},"end":{"line":4,"column":30}},"loc":{"start":{"line":4,"column":36},"end":{"line":9,"column":9}},"line":4},"2":{"name":"(anonymous_2)","decl":{"start":{"line":10,"column":35},"end":{"line":10,"column":36}},"loc":{"start":{"line":10,"column":42},"end":{"line":26,"column":9}},"line":10},"3":{"name":"(anonymous_3)","decl":{"start":{"line":27,"column":35},"end":{"line":27,"column":36}},"loc":{"start":{"line":27,"column":42},"end":{"line":43,"column":9}},"line":27},"4":{"name":"(anonymous_4)","decl":{"start":{"line":46,"column":15},"end":{"line":46,"column":16}},"loc":{"start":{"line":46,"column":31},"end":{"line":51,"column":1}},"line":46}},"branchMap":{},"s":{"0":0,"1":0,"2":0,"3":0,"4":0,"5":0,"6":0,"7":0,"8":0,"9":0,"10":0,"11":0,"12":0},"f":{"0":0,"1":0,"2":0,"3":0,"4":0},"b":{}}
,"/Users/anthonylopez/LambdaSchool/Labs-TL/Studium-BE/db/migrations/20200603232108_create-sessions-table.js": {"path":"/Users/anthonylopez/LambdaSchool/Labs-TL/Studium-BE/db/migrations/20200603232108_create-sessions-table.js","statementMap":{"0":{"start":{"line":2,"column":0},"end":{"line":17,"column":4}},"1":{"start":{"line":3,"column":4},"end":{"line":16,"column":6}},"2":{"start":{"line":4,"column":8},"end":{"line":4,"column":25}},"3":{"start":{"line":5,"column":8},"end":{"line":6,"column":25}},"4":{"start":{"line":7,"column":8},"end":{"line":8,"column":25}},"5":{"start":{"line":9,"column":8},"end":{"line":11,"column":24}},"6":{"start":{"line":12,"column":8},"end":{"line":13,"column":25}},"7":{"start":{"line":14,"column":8},"end":{"line":15,"column":25}},"8":{"start":{"line":19,"column":2},"end":{"line":21,"column":4}},"9":{"start":{"line":20,"column":4},"end":{"line":20,"column":53}}},"fnMap":{"0":{"name":"(anonymous_0)","decl":{"start":{"line":2,"column":13},"end":{"line":2,"column":14}},"loc":{"start":{"line":2,"column":28},"end":{"line":17,"column":3}},"line":2},"1":{"name":"(anonymous_1)","decl":{"start":{"line":3,"column":47},"end":{"line":3,"column":48}},"loc":{"start":{"line":3,"column":54},"end":{"line":16,"column":5}},"line":3},"2":{"name":"(anonymous_2)","decl":{"start":{"line":19,"column":17},"end":{"line":19,"column":18}},"loc":{"start":{"line":19,"column":32},"end":{"line":21,"column":3}},"line":19}},"branchMap":{},"s":{"0":0,"1":0,"2":0,"3":0,"4":0,"5":0,"6":0,"7":0,"8":0,"9":0},"f":{"0":0,"1":0,"2":0},"b":{}}
,"/Users/anthonylopez/LambdaSchool/Labs-TL/Studium-BE/resources/cards/cards-model.js": {"path":"/Users/anthonylopez/LambdaSchool/Labs-TL/Studium-BE/resources/cards/cards-model.js","statementMap":{"0":{"start":{"line":1,"column":11},"end":{"line":1,"column":43}},"1":{"start":{"line":3,"column":13},"end":{"line":5,"column":1}},"2":{"start":{"line":4,"column":4},"end":{"line":4,"column":22}},"3":{"start":{"line":7,"column":21},"end":{"line":10,"column":1}},"4":{"start":{"line":8,"column":4},"end":{"line":9,"column":22}},"5":{"start":{"line":13,"column":4},"end":{"line":14,"column":26}},"6":{"start":{"line":17,"column":15},"end":{"line":20,"column":1}},"7":{"start":{"line":18,"column":4},"end":{"line":19,"column":22}},"8":{"start":{"line":22,"column":12},"end":{"line":25,"column":1}},"9":{"start":{"line":23,"column":4},"end":{"line":24,"column":27}},"10":{"start":{"line":27,"column":15},"end":{"line":31,"column":1}},"11":{"start":{"line":28,"column":4},"end":{"line":30,"column":24}},"12":{"start":{"line":33,"column":15},"end":{"line":37,"column":1}},"13":{"start":{"line":34,"column":4},"end":{"line":36,"column":14}},"14":{"start":{"line":39,"column":0},"end":{"line":47,"column":1}}},"fnMap":{"0":{"name":"(anonymous_0)","decl":{"start":{"line":3,"column":13},"end":{"line":3,"column":14}},"loc":{"start":{"line":3,"column":19},"end":{"line":5,"column":1}},"line":3},"1":{"name":"(anonymous_1)","decl":{"start":{"line":7,"column":21},"end":{"line":7,"column":22}},"loc":{"start":{"line":7,"column":29},"end":{"line":10,"column":1}},"line":7},"2":{"name":"getCardTags","decl":{"start":{"line":12,"column":9},"end":{"line":12,"column":20}},"loc":{"start":{"line":12,"column":25},"end":{"line":15,"column":1}},"line":12},"3":{"name":"(anonymous_3)","decl":{"start":{"line":17,"column":15},"end":{"line":17,"column":16}},"loc":{"start":{"line":17,"column":27},"end":{"line":20,"column":1}},"line":17},"4":{"name":"(anonymous_4)","decl":{"start":{"line":22,"column":12},"end":{"line":22,"column":13}},"loc":{"start":{"line":22,"column":22},"end":{"line":25,"column":1}},"line":22},"5":{"name":"(anonymous_5)","decl":{"start":{"line":27,"column":15},"end":{"line":27,"column":16}},"loc":{"start":{"line":27,"column":32},"end":{"line":31,"column":1}},"line":27},"6":{"name":"(anonymous_6)","decl":{"start":{"line":33,"column":15},"end":{"line":33,"column":16}},"loc":{"start":{"line":33,"column":23},"end":{"line":37,"column":1}},"line":33}},"branchMap":{},"s":{"0":2,"1":2,"2":0,"3":2,"4":0,"5":0,"6":2,"7":0,"8":2,"9":0,"10":2,"11":0,"12":2,"13":0,"14":2},"f":{"0":0,"1":0,"2":0,"3":0,"4":0,"5":0,"6":0},"b":{},"_coverageSchema":"1a1c01bbd47fc00a2c39e90264f33305004495a9","hash":"c27a01a9c964dca541792e96d32e25c97dbd1560"}
,"/Users/anthonylopez/LambdaSchool/Labs-TL/Studium-BE/resources/cards/cards-router.js": {"path":"/Users/anthonylopez/LambdaSchool/Labs-TL/Studium-BE/resources/cards/cards-router.js","statementMap":{"0":{"start":{"line":1,"column":16},"end":{"line":1,"column":34}},"1":{"start":{"line":2,"column":15},"end":{"line":2,"column":31}},"2":{"start":{"line":3,"column":11},"end":{"line":3,"column":38}},"3":{"start":{"line":7,"column":0},"end":{"line":15,"column":2}},"4":{"start":{"line":8,"column":4},"end":{"line":14,"column":10}},"5":{"start":{"line":10,"column":12},"end":{"line":10,"column":27}},"6":{"start":{"line":13,"column":12},"end":{"line":13,"column":94}},"7":{"start":{"line":18,"column":0},"end":{"line":31,"column":2}},"8":{"start":{"line":19,"column":15},"end":{"line":19,"column":28}},"9":{"start":{"line":21,"column":4},"end":{"line":30,"column":10}},"10":{"start":{"line":23,"column":12},"end":{"line":26,"column":14}},"11":{"start":{"line":24,"column":16},"end":{"line":24,"column":33}},"12":{"start":{"line":25,"column":16},"end":{"line":25,"column":42}},"13":{"start":{"line":29,"column":12},"end":{"line":29,"column":93}},"14":{"start":{"line":34,"column":0},"end":{"line":48,"column":2}},"15":{"start":{"line":35,"column":21},"end":{"line":35,"column":29}},"16":{"start":{"line":37,"column":4},"end":{"line":47,"column":10}},"17":{"start":{"line":39,"column":12},"end":{"line":43,"column":13}},"18":{"start":{"line":40,"column":16},"end":{"line":40,"column":110}},"19":{"start":{"line":42,"column":16},"end":{"line":42,"column":42}},"20":{"start":{"line":46,"column":12},"end":{"line":46,"column":89}},"21":{"start":{"line":51,"column":0},"end":{"line":69,"column":2}},"22":{"start":{"line":52,"column":19},"end":{"line":52,"column":29}},"23":{"start":{"line":53,"column":20},"end":{"line":53,"column":28}},"24":{"start":{"line":55,"column":4},"end":{"line":68,"column":10}},"25":{"start":{"line":57,"column":12},"end":{"line":64,"column":13}},"26":{"start":{"line":58,"column":16},"end":{"line":61,"column":22}},"27":{"start":{"line":60,"column":24},"end":{"line":60,"column":57}},"28":{"start":{"line":63,"column":16},"end":{"line":63,"column":91}},"29":{"start":{"line":67,"column":12},"end":{"line":67,"column":91}},"30":{"start":{"line":72,"column":0},"end":{"line":86,"column":2}},"31":{"start":{"line":73,"column":19},"end":{"line":73,"column":29}},"32":{"start":{"line":75,"column":4},"end":{"line":85,"column":10}},"33":{"start":{"line":77,"column":12},"end":{"line":81,"column":13}},"34":{"start":{"line":78,"column":16},"end":{"line":78,"column":58}},"35":{"start":{"line":80,"column":16},"end":{"line":80,"column":91}},"36":{"start":{"line":84,"column":12},"end":{"line":84,"column":91}},"37":{"start":{"line":88,"column":0},"end":{"line":88,"column":24}}},"fnMap":{"0":{"name":"(anonymous_0)","decl":{"start":{"line":7,"column":16},"end":{"line":7,"column":17}},"loc":{"start":{"line":7,"column":30},"end":{"line":15,"column":1}},"line":7},"1":{"name":"(anonymous_1)","decl":{"start":{"line":9,"column":14},"end":{"line":9,"column":15}},"loc":{"start":{"line":9,"column":23},"end":{"line":11,"column":9}},"line":9},"2":{"name":"(anonymous_2)","decl":{"start":{"line":12,"column":15},"end":{"line":12,"column":16}},"loc":{"start":{"line":12,"column":22},"end":{"line":14,"column":9}},"line":12},"3":{"name":"(anonymous_3)","decl":{"start":{"line":18,"column":19},"end":{"line":18,"column":20}},"loc":{"start":{"line":18,"column":33},"end":{"line":31,"column":1}},"line":18},"4":{"name":"(anonymous_4)","decl":{"start":{"line":22,"column":14},"end":{"line":22,"column":15}},"loc":{"start":{"line":22,"column":22},"end":{"line":27,"column":9}},"line":22},"5":{"name":"(anonymous_5)","decl":{"start":{"line":23,"column":47},"end":{"line":23,"column":48}},"loc":{"start":{"line":23,"column":55},"end":{"line":26,"column":13}},"line":23},"6":{"name":"(anonymous_6)","decl":{"start":{"line":28,"column":15},"end":{"line":28,"column":16}},"loc":{"start":{"line":28,"column":22},"end":{"line":30,"column":9}},"line":28},"7":{"name":"(anonymous_7)","decl":{"start":{"line":34,"column":17},"end":{"line":34,"column":18}},"loc":{"start":{"line":34,"column":31},"end":{"line":48,"column":1}},"line":34},"8":{"name":"(anonymous_8)","decl":{"start":{"line":38,"column":14},"end":{"line":38,"column":15}},"loc":{"start":{"line":38,"column":22},"end":{"line":44,"column":9}},"line":38},"9":{"name":"(anonymous_9)","decl":{"start":{"line":45,"column":15},"end":{"line":45,"column":16}},"loc":{"start":{"line":45,"column":22},"end":{"line":47,"column":9}},"line":45},"10":{"name":"(anonymous_10)","decl":{"start":{"line":51,"column":19},"end":{"line":51,"column":20}},"loc":{"start":{"line":51,"column":33},"end":{"line":69,"column":1}},"line":51},"11":{"name":"(anonymous_11)","decl":{"start":{"line":56,"column":14},"end":{"line":56,"column":15}},"loc":{"start":{"line":56,"column":22},"end":{"line":65,"column":9}},"line":56},"12":{"name":"(anonymous_12)","decl":{"start":{"line":59,"column":26},"end":{"line":59,"column":27}},"loc":{"start":{"line":59,"column":41},"end":{"line":61,"column":21}},"line":59},"13":{"name":"(anonymous_13)","decl":{"start":{"line":66,"column":15},"end":{"line":66,"column":16}},"loc":{"start":{"line":66,"column":22},"end":{"line":68,"column":9}},"line":66},"14":{"name":"(anonymous_14)","decl":{"start":{"line":72,"column":22},"end":{"line":72,"column":23}},"loc":{"start":{"line":72,"column":36},"end":{"line":86,"column":1}},"line":72},"15":{"name":"(anonymous_15)","decl":{"start":{"line":76,"column":14},"end":{"line":76,"column":15}},"loc":{"start":{"line":76,"column":25},"end":{"line":82,"column":9}},"line":76},"16":{"name":"(anonymous_16)","decl":{"start":{"line":83,"column":15},"end":{"line":83,"column":16}},"loc":{"start":{"line":83,"column":22},"end":{"line":85,"column":9}},"line":83}},"branchMap":{"0":{"loc":{"start":{"line":39,"column":12},"end":{"line":43,"column":13}},"type":"if","locations":[{"start":{"line":39,"column":12},"end":{"line":43,"column":13}},{"start":{"line":39,"column":12},"end":{"line":43,"column":13}}],"line":39},"1":{"loc":{"start":{"line":39,"column":16},"end":{"line":39,"column":80}},"type":"binary-expr","locations":[{"start":{"line":39,"column":16},"end":{"line":39,"column":33}},{"start":{"line":39,"column":37},"end":{"line":39,"column":57}},{"start":{"line":39,"column":61},"end":{"line":39,"column":80}}],"line":39},"2":{"loc":{"start":{"line":57,"column":12},"end":{"line":64,"column":13}},"type":"if","locations":[{"start":{"line":57,"column":12},"end":{"line":64,"column":13}},{"start":{"line":57,"column":12},"end":{"line":64,"column":13}}],"line":57},"3":{"loc":{"start":{"line":77,"column":12},"end":{"line":81,"column":13}},"type":"if","locations":[{"start":{"line":77,"column":12},"end":{"line":81,"column":13}},{"start":{"line":77,"column":12},"end":{"line":81,"column":13}}],"line":77}},"s":{"0":2,"1":2,"2":2,"3":2,"4":0,"5":0,"6":0,"7":2,"8":0,"9":0,"10":0,"11":0,"12":0,"13":0,"14":2,"15":0,"16":0,"17":0,"18":0,"19":0,"20":0,"21":2,"22":0,"23":0,"24":0,"25":0,"26":0,"27":0,"28":0,"29":0,"30":2,"31":0,"32":0,"33":0,"34":0,"35":0,"36":0,"37":2},"f":{"0":0,"1":0,"2":0,"3":0,"4":0,"5":0,"6":0,"7":0,"8":0,"9":0,"10":0,"11":0,"12":0,"13":0,"14":0,"15":0,"16":0},"b":{"0":[0,0],"1":[0,0,0],"2":[0,0],"3":[0,0]},"_coverageSchema":"1a1c01bbd47fc00a2c39e90264f33305004495a9","hash":"f8d37610eab5e1a9ab048e50a9eb28b02fde7a3f"}
,"/Users/anthonylopez/LambdaSchool/Labs-TL/Studium-BE/resources/decks/decks-model.js": {"path":"/Users/anthonylopez/LambdaSchool/Labs-TL/Studium-BE/resources/decks/decks-model.js","statementMap":{"0":{"start":{"line":1,"column":11},"end":{"line":1,"column":43}},"1":{"start":{"line":3,"column":13},"end":{"line":5,"column":1}},"2":{"start":{"line":4,"column":3},"end":{"line":4,"column":21}},"3":{"start":{"line":7,"column":21},"end":{"line":10,"column":1}},"4":{"start":{"line":8,"column":3},"end":{"line":9,"column":20}},"5":{"start":{"line":12,"column":26},"end":{"line":14,"column":1}},"6":{"start":{"line":13,"column":3},"end":{"line":13,"column":40}},"7":{"start":{"line":17,"column":3},"end":{"line":18,"column":24}},"8":{"start":{"line":21,"column":15},"end":{"line":24,"column":1}},"9":{"start":{"line":22,"column":3},"end":{"line":23,"column":20}},"10":{"start":{"line":26,"column":12},"end":{"line":29,"column":1}},"11":{"start":{"line":27,"column":3},"end":{"line":28,"column":25}},"12":{"start":{"line":31,"column":15},"end":{"line":35,"column":1}},"13":{"start":{"line":32,"column":3},"end":{"line":34,"column":22}},"14":{"start":{"line":37,"column":15},"end":{"line":41,"column":1}},"15":{"start":{"line":38,"column":3},"end":{"line":40,"column":12}},"16":{"start":{"line":43,"column":0},"end":{"line":52,"column":1}}},"fnMap":{"0":{"name":"(anonymous_0)","decl":{"start":{"line":3,"column":13},"end":{"line":3,"column":14}},"loc":{"start":{"line":3,"column":19},"end":{"line":5,"column":1}},"line":3},"1":{"name":"(anonymous_1)","decl":{"start":{"line":7,"column":21},"end":{"line":7,"column":22}},"loc":{"start":{"line":7,"column":29},"end":{"line":10,"column":1}},"line":7},"2":{"name":"(anonymous_2)","decl":{"start":{"line":12,"column":26},"end":{"line":12,"column":27}},"loc":{"start":{"line":12,"column":39},"end":{"line":14,"column":1}},"line":12},"3":{"name":"getDeckTags","decl":{"start":{"line":16,"column":9},"end":{"line":16,"column":20}},"loc":{"start":{"line":16,"column":25},"end":{"line":19,"column":1}},"line":16},"4":{"name":"(anonymous_4)","decl":{"start":{"line":21,"column":15},"end":{"line":21,"column":16}},"loc":{"start":{"line":21,"column":27},"end":{"line":24,"column":1}},"line":21},"5":{"name":"(anonymous_5)","decl":{"start":{"line":26,"column":12},"end":{"line":26,"column":13}},"loc":{"start":{"line":26,"column":22},"end":{"line":29,"column":1}},"line":26},"6":{"name":"(anonymous_6)","decl":{"start":{"line":31,"column":15},"end":{"line":31,"column":16}},"loc":{"start":{"line":31,"column":32},"end":{"line":35,"column":1}},"line":31},"7":{"name":"(anonymous_7)","decl":{"start":{"line":37,"column":15},"end":{"line":37,"column":16}},"loc":{"start":{"line":37,"column":23},"end":{"line":41,"column":1}},"line":37}},"branchMap":{},"s":{"0":2,"1":2,"2":0,"3":2,"4":0,"5":2,"6":0,"7":0,"8":2,"9":0,"10":2,"11":0,"12":2,"13":0,"14":2,"15":0,"16":2},"f":{"0":0,"1":0,"2":0,"3":0,"4":0,"5":0,"6":0,"7":0},"b":{},"_coverageSchema":"1a1c01bbd47fc00a2c39e90264f33305004495a9","hash":"5035ef3e97e2958a8f810535485de2896801e9d7"}
,"/Users/anthonylopez/LambdaSchool/Labs-TL/Studium-BE/resources/decks/decks-router.js": {"path":"/Users/anthonylopez/LambdaSchool/Labs-TL/Studium-BE/resources/decks/decks-router.js","statementMap":{"0":{"start":{"line":1,"column":16},"end":{"line":1,"column":34}},"1":{"start":{"line":3,"column":14},"end":{"line":3,"column":41}},"2":{"start":{"line":5,"column":15},"end":{"line":5,"column":31}},"3":{"start":{"line":8,"column":0},"end":{"line":16,"column":2}},"4":{"start":{"line":9,"column":3},"end":{"line":15,"column":8}},"5":{"start":{"line":11,"column":9},"end":{"line":11,"column":24}},"6":{"start":{"line":14,"column":9},"end":{"line":14,"column":91}},"7":{"start":{"line":19,"column":0},"end":{"line":32,"column":2}},"8":{"start":{"line":20,"column":14},"end":{"line":20,"column":27}},"9":{"start":{"line":22,"column":3},"end":{"line":31,"column":8}},"10":{"start":{"line":24,"column":9},"end":{"line":27,"column":11}},"11":{"start":{"line":25,"column":12},"end":{"line":25,"column":29}},"12":{"start":{"line":26,"column":12},"end":{"line":26,"column":38}},"13":{"start":{"line":30,"column":9},"end":{"line":30,"column":90}},"14":{"start":{"line":35,"column":0},"end":{"line":47,"column":2}},"15":{"start":{"line":36,"column":18},"end":{"line":36,"column":28}},"16":{"start":{"line":38,"column":3},"end":{"line":46,"column":8}},"17":{"start":{"line":40,"column":9},"end":{"line":42,"column":74}},"18":{"start":{"line":45,"column":9},"end":{"line":45,"column":85}},"19":{"start":{"line":50,"column":0},"end":{"line":64,"column":2}},"20":{"start":{"line":51,"column":20},"end":{"line":51,"column":28}},"21":{"start":{"line":53,"column":3},"end":{"line":63,"column":8}},"22":{"start":{"line":55,"column":9},"end":{"line":59,"column":10}},"23":{"start":{"line":56,"column":12},"end":{"line":56,"column":100}},"24":{"start":{"line":58,"column":12},"end":{"line":58,"column":38}},"25":{"start":{"line":62,"column":9},"end":{"line":62,"column":86}},"26":{"start":{"line":67,"column":0},"end":{"line":85,"column":2}},"27":{"start":{"line":68,"column":18},"end":{"line":68,"column":28}},"28":{"start":{"line":69,"column":19},"end":{"line":69,"column":27}},"29":{"start":{"line":71,"column":3},"end":{"line":84,"column":9}},"30":{"start":{"line":73,"column":9},"end":{"line":80,"column":10}},"31":{"start":{"line":74,"column":12},"end":{"line":77,"column":18}},"32":{"start":{"line":76,"column":18},"end":{"line":76,"column":40}},"33":{"start":{"line":79,"column":12},"end":{"line":79,"column":88}},"34":{"start":{"line":83,"column":9},"end":{"line":83,"column":89}},"35":{"start":{"line":88,"column":0},"end":{"line":102,"column":2}},"36":{"start":{"line":89,"column":18},"end":{"line":89,"column":28}},"37":{"start":{"line":91,"column":3},"end":{"line":101,"column":9}},"38":{"start":{"line":93,"column":9},"end":{"line":97,"column":10}},"39":{"start":{"line":94,"column":12},"end":{"line":94,"column":43}},"40":{"start":{"line":96,"column":12},"end":{"line":96,"column":88}},"41":{"start":{"line":100,"column":9},"end":{"line":100,"column":89}},"42":{"start":{"line":104,"column":0},"end":{"line":104,"column":24}}},"fnMap":{"0":{"name":"(anonymous_0)","decl":{"start":{"line":8,"column":16},"end":{"line":8,"column":17}},"loc":{"start":{"line":8,"column":30},"end":{"line":16,"column":1}},"line":8},"1":{"name":"(anonymous_1)","decl":{"start":{"line":10,"column":12},"end":{"line":10,"column":13}},"loc":{"start":{"line":10,"column":21},"end":{"line":12,"column":7}},"line":10},"2":{"name":"(anonymous_2)","decl":{"start":{"line":13,"column":13},"end":{"line":13,"column":14}},"loc":{"start":{"line":13,"column":20},"end":{"line":15,"column":7}},"line":13},"3":{"name":"(anonymous_3)","decl":{"start":{"line":19,"column":19},"end":{"line":19,"column":20}},"loc":{"start":{"line":19,"column":33},"end":{"line":32,"column":1}},"line":19},"4":{"name":"(anonymous_4)","decl":{"start":{"line":23,"column":12},"end":{"line":23,"column":13}},"loc":{"start":{"line":23,"column":20},"end":{"line":28,"column":7}},"line":23},"5":{"name":"(anonymous_5)","decl":{"start":{"line":24,"column":47},"end":{"line":24,"column":48}},"loc":{"start":{"line":24,"column":55},"end":{"line":27,"column":10}},"line":24},"6":{"name":"(anonymous_6)","decl":{"start":{"line":29,"column":13},"end":{"line":29,"column":14}},"loc":{"start":{"line":29,"column":20},"end":{"line":31,"column":7}},"line":29},"7":{"name":"(anonymous_7)","decl":{"start":{"line":35,"column":25},"end":{"line":35,"column":26}},"loc":{"start":{"line":35,"column":39},"end":{"line":47,"column":1}},"line":35},"8":{"name":"(anonymous_8)","decl":{"start":{"line":39,"column":12},"end":{"line":39,"column":13}},"loc":{"start":{"line":39,"column":20},"end":{"line":43,"column":7}},"line":39},"9":{"name":"(anonymous_9)","decl":{"start":{"line":44,"column":13},"end":{"line":44,"column":14}},"loc":{"start":{"line":44,"column":20},"end":{"line":46,"column":7}},"line":44},"10":{"name":"(anonymous_10)","decl":{"start":{"line":50,"column":17},"end":{"line":50,"column":18}},"loc":{"start":{"line":50,"column":31},"end":{"line":64,"column":1}},"line":50},"11":{"name":"(anonymous_11)","decl":{"start":{"line":54,"column":12},"end":{"line":54,"column":13}},"loc":{"start":{"line":54,"column":20},"end":{"line":60,"column":7}},"line":54},"12":{"name":"(anonymous_12)","decl":{"start":{"line":61,"column":13},"end":{"line":61,"column":14}},"loc":{"start":{"line":61,"column":20},"end":{"line":63,"column":7}},"line":61},"13":{"name":"(anonymous_13)","decl":{"start":{"line":67,"column":19},"end":{"line":67,"column":20}},"loc":{"start":{"line":67,"column":33},"end":{"line":85,"column":1}},"line":67},"14":{"name":"(anonymous_14)","decl":{"start":{"line":72,"column":12},"end":{"line":72,"column":13}},"loc":{"start":{"line":72,"column":20},"end":{"line":81,"column":7}},"line":72},"15":{"name":"(anonymous_15)","decl":{"start":{"line":75,"column":21},"end":{"line":75,"column":22}},"loc":{"start":{"line":75,"column":36},"end":{"line":77,"column":16}},"line":75},"16":{"name":"(anonymous_16)","decl":{"start":{"line":82,"column":13},"end":{"line":82,"column":14}},"loc":{"start":{"line":82,"column":20},"end":{"line":84,"column":7}},"line":82},"17":{"name":"(anonymous_17)","decl":{"start":{"line":88,"column":22},"end":{"line":88,"column":23}},"loc":{"start":{"line":88,"column":36},"end":{"line":102,"column":1}},"line":88},"18":{"name":"(anonymous_18)","decl":{"start":{"line":92,"column":12},"end":{"line":92,"column":13}},"loc":{"start":{"line":92,"column":23},"end":{"line":98,"column":7}},"line":92},"19":{"name":"(anonymous_19)","decl":{"start":{"line":99,"column":13},"end":{"line":99,"column":14}},"loc":{"start":{"line":99,"column":20},"end":{"line":101,"column":7}},"line":99}},"branchMap":{"0":{"loc":{"start":{"line":40,"column":9},"end":{"line":42,"column":74}},"type":"cond-expr","locations":[{"start":{"line":41,"column":12},"end":{"line":41,"column":38}},{"start":{"line":42,"column":12},"end":{"line":42,"column":74}}],"line":40},"1":{"loc":{"start":{"line":55,"column":9},"end":{"line":59,"column":10}},"type":"if","locations":[{"start":{"line":55,"column":9},"end":{"line":59,"column":10}},{"start":{"line":55,"column":9},"end":{"line":59,"column":10}}],"line":55},"2":{"loc":{"start":{"line":55,"column":13},"end":{"line":55,"column":53}},"type":"binary-expr","locations":[{"start":{"line":55,"column":13},"end":{"line":55,"column":30}},{"start":{"line":55,"column":34},"end":{"line":55,"column":53}}],"line":55},"3":{"loc":{"start":{"line":73,"column":9},"end":{"line":80,"column":10}},"type":"if","locations":[{"start":{"line":73,"column":9},"end":{"line":80,"column":10}},{"start":{"line":73,"column":9},"end":{"line":80,"column":10}}],"line":73},"4":{"loc":{"start":{"line":93,"column":9},"end":{"line":97,"column":10}},"type":"if","locations":[{"start":{"line":93,"column":9},"end":{"line":97,"column":10}},{"start":{"line":93,"column":9},"end":{"line":97,"column":10}}],"line":93}},"s":{"0":2,"1":2,"2":2,"3":2,"4":0,"5":0,"6":0,"7":2,"8":0,"9":0,"10":0,"11":0,"12":0,"13":0,"14":2,"15":0,"16":0,"17":0,"18":0,"19":2,"20":0,"21":0,"22":0,"23":0,"24":0,"25":0,"26":2,"27":0,"28":0,"29":0,"30":0,"31":0,"32":0,"33":0,"34":0,"35":2,"36":0,"37":0,"38":0,"39":0,"40":0,"41":0,"42":2},"f":{"0":0,"1":0,"2":0,"3":0,"4":0,"5":0,"6":0,"7":0,"8":0,"9":0,"10":0,"11":0,"12":0,"13":0,"14":0,"15":0,"16":0,"17":0,"18":0,"19":0},"b":{"0":[0,0],"1":[0,0],"2":[0,0],"3":[0,0],"4":[0,0]},"_coverageSchema":"1a1c01bbd47fc00a2c39e90264f33305004495a9","hash":"345aac71357aec115a9eb18ec705791d70bb2c20"}
,"/Users/anthonylopez/LambdaSchool/Labs-TL/Studium-BE/resources/sessions/sessions-model.js": {"path":"/Users/anthonylopez/LambdaSchool/Labs-TL/Studium-BE/resources/sessions/sessions-model.js","statementMap":{"0":{"start":{"line":1,"column":11},"end":{"line":1,"column":40}},"1":{"start":{"line":3,"column":13},"end":{"line":5,"column":1}},"2":{"start":{"line":4,"column":4},"end":{"line":4,"column":25}},"3":{"start":{"line":7,"column":17},"end":{"line":11,"column":1}},"4":{"start":{"line":8,"column":4},"end":{"line":10,"column":12}},"5":{"start":{"line":13,"column":15},"end":{"line":16,"column":1}},"6":{"start":{"line":14,"column":4},"end":{"line":15,"column":18}},"7":{"start":{"line":18,"column":12},"end":{"line":21,"column":1}},"8":{"start":{"line":19,"column":4},"end":{"line":20,"column":27}},"9":{"start":{"line":23,"column":15},"end":{"line":27,"column":1}},"10":{"start":{"line":24,"column":4},"end":{"line":26,"column":20}},"11":{"start":{"line":29,"column":15},"end":{"line":33,"column":1}},"12":{"start":{"line":30,"column":4},"end":{"line":32,"column":10}},"13":{"start":{"line":35,"column":0},"end":{"line":42,"column":1}}},"fnMap":{"0":{"name":"(anonymous_0)","decl":{"start":{"line":3,"column":13},"end":{"line":3,"column":14}},"loc":{"start":{"line":3,"column":19},"end":{"line":5,"column":1}},"line":3},"1":{"name":"(anonymous_1)","decl":{"start":{"line":7,"column":17},"end":{"line":7,"column":18}},"loc":{"start":{"line":7,"column":25},"end":{"line":11,"column":1}},"line":7},"2":{"name":"(anonymous_2)","decl":{"start":{"line":13,"column":15},"end":{"line":13,"column":16}},"loc":{"start":{"line":13,"column":27},"end":{"line":16,"column":1}},"line":13},"3":{"name":"(anonymous_3)","decl":{"start":{"line":18,"column":12},"end":{"line":18,"column":13}},"loc":{"start":{"line":18,"column":26},"end":{"line":21,"column":1}},"line":18},"4":{"name":"(anonymous_4)","decl":{"start":{"line":23,"column":15},"end":{"line":23,"column":16}},"loc":{"start":{"line":23,"column":32},"end":{"line":27,"column":1}},"line":23},"5":{"name":"(anonymous_5)","decl":{"start":{"line":29,"column":15},"end":{"line":29,"column":16}},"loc":{"start":{"line":29,"column":23},"end":{"line":33,"column":1}},"line":29}},"branchMap":{},"s":{"0":2,"1":2,"2":0,"3":2,"4":0,"5":2,"6":0,"7":2,"8":0,"9":2,"10":0,"11":2,"12":0,"13":2},"f":{"0":0,"1":0,"2":0,"3":0,"4":0,"5":0},"b":{},"_coverageSchema":"1a1c01bbd47fc00a2c39e90264f33305004495a9","hash":"e182cf5fd8af093ca58a1a9154562e778ebae872"}
,"/Users/anthonylopez/LambdaSchool/Labs-TL/Studium-BE/resources/sessions/sessions-router.js": {"path":"/Users/anthonylopez/LambdaSchool/Labs-TL/Studium-BE/resources/sessions/sessions-router.js","statementMap":{"0":{"start":{"line":1,"column":16},"end":{"line":1,"column":34}},"1":{"start":{"line":2,"column":17},"end":{"line":2,"column":47}},"2":{"start":{"line":3,"column":15},"end":{"line":3,"column":31}},"3":{"start":{"line":5,"column":0},"end":{"line":13,"column":2}},"4":{"start":{"line":6,"column":4},"end":{"line":12,"column":10}},"5":{"start":{"line":8,"column":12},"end":{"line":8,"column":30}},"6":{"start":{"line":11,"column":12},"end":{"line":11,"column":75}},"7":{"start":{"line":15,"column":0},"end":{"line":27,"column":2}},"8":{"start":{"line":16,"column":19},"end":{"line":16,"column":29}},"9":{"start":{"line":18,"column":4},"end":{"line":26,"column":10}},"10":{"start":{"line":20,"column":12},"end":{"line":22,"column":80}},"11":{"start":{"line":25,"column":12},"end":{"line":25,"column":71}},"12":{"start":{"line":29,"column":0},"end":{"line":39,"column":3}},"13":{"start":{"line":30,"column":25},"end":{"line":30,"column":33}},"14":{"start":{"line":32,"column":4},"end":{"line":38,"column":11}},"15":{"start":{"line":34,"column":10},"end":{"line":34,"column":39}},"16":{"start":{"line":37,"column":10},"end":{"line":37,"column":78}},"17":{"start":{"line":41,"column":1},"end":{"line":59,"column":3}},"18":{"start":{"line":42,"column":19},"end":{"line":42,"column":29}},"19":{"start":{"line":43,"column":20},"end":{"line":43,"column":28}},"20":{"start":{"line":45,"column":4},"end":{"line":58,"column":9}},"21":{"start":{"line":47,"column":10},"end":{"line":54,"column":11}},"22":{"start":{"line":48,"column":13},"end":{"line":51,"column":18}},"23":{"start":{"line":50,"column":19},"end":{"line":50,"column":43}},"24":{"start":{"line":53,"column":13},"end":{"line":53,"column":92}},"25":{"start":{"line":57,"column":10},"end":{"line":57,"column":71}},"26":{"start":{"line":61,"column":1},"end":{"line":73,"column":3}},"27":{"start":{"line":62,"column":19},"end":{"line":62,"column":29}},"28":{"start":{"line":64,"column":4},"end":{"line":72,"column":11}},"29":{"start":{"line":66,"column":10},"end":{"line":68,"column":94}},"30":{"start":{"line":71,"column":10},"end":{"line":71,"column":77}},"31":{"start":{"line":75,"column":0},"end":{"line":75,"column":24}}},"fnMap":{"0":{"name":"(anonymous_0)","decl":{"start":{"line":5,"column":16},"end":{"line":5,"column":17}},"loc":{"start":{"line":5,"column":30},"end":{"line":13,"column":1}},"line":5},"1":{"name":"(anonymous_1)","decl":{"start":{"line":7,"column":14},"end":{"line":7,"column":15}},"loc":{"start":{"line":7,"column":26},"end":{"line":9,"column":9}},"line":7},"2":{"name":"(anonymous_2)","decl":{"start":{"line":10,"column":15},"end":{"line":10,"column":16}},"loc":{"start":{"line":10,"column":22},"end":{"line":12,"column":9}},"line":10},"3":{"name":"(anonymous_3)","decl":{"start":{"line":15,"column":19},"end":{"line":15,"column":20}},"loc":{"start":{"line":15,"column":33},"end":{"line":27,"column":1}},"line":15},"4":{"name":"(anonymous_4)","decl":{"start":{"line":19,"column":14},"end":{"line":19,"column":15}},"loc":{"start":{"line":19,"column":25},"end":{"line":23,"column":9}},"line":19},"5":{"name":"(anonymous_5)","decl":{"start":{"line":24,"column":15},"end":{"line":24,"column":16}},"loc":{"start":{"line":24,"column":22},"end":{"line":26,"column":9}},"line":24},"6":{"name":"(anonymous_6)","decl":{"start":{"line":29,"column":17},"end":{"line":29,"column":18}},"loc":{"start":{"line":29,"column":31},"end":{"line":39,"column":2}},"line":29},"7":{"name":"(anonymous_7)","decl":{"start":{"line":33,"column":13},"end":{"line":33,"column":14}},"loc":{"start":{"line":33,"column":24},"end":{"line":35,"column":8}},"line":33},"8":{"name":"(anonymous_8)","decl":{"start":{"line":36,"column":15},"end":{"line":36,"column":16}},"loc":{"start":{"line":36,"column":22},"end":{"line":38,"column":9}},"line":36},"9":{"name":"(anonymous_9)","decl":{"start":{"line":41,"column":20},"end":{"line":41,"column":21}},"loc":{"start":{"line":41,"column":34},"end":{"line":59,"column":2}},"line":41},"10":{"name":"(anonymous_10)","decl":{"start":{"line":46,"column":13},"end":{"line":46,"column":14}},"loc":{"start":{"line":46,"column":24},"end":{"line":55,"column":8}},"line":46},"11":{"name":"(anonymous_11)","decl":{"start":{"line":49,"column":22},"end":{"line":49,"column":23}},"loc":{"start":{"line":49,"column":40},"end":{"line":51,"column":17}},"line":49},"12":{"name":"(anonymous_12)","decl":{"start":{"line":56,"column":14},"end":{"line":56,"column":15}},"loc":{"start":{"line":56,"column":21},"end":{"line":58,"column":8}},"line":56},"13":{"name":"(anonymous_13)","decl":{"start":{"line":61,"column":23},"end":{"line":61,"column":24}},"loc":{"start":{"line":61,"column":37},"end":{"line":73,"column":2}},"line":61},"14":{"name":"(anonymous_14)","decl":{"start":{"line":65,"column":13},"end":{"line":65,"column":14}},"loc":{"start":{"line":65,"column":24},"end":{"line":69,"column":8}},"line":65},"15":{"name":"(anonymous_15)","decl":{"start":{"line":70,"column":14},"end":{"line":70,"column":15}},"loc":{"start":{"line":70,"column":21},"end":{"line":72,"column":9}},"line":70}},"branchMap":{"0":{"loc":{"start":{"line":20,"column":12},"end":{"line":22,"column":80}},"type":"cond-expr","locations":[{"start":{"line":21,"column":18},"end":{"line":21,"column":35}},{"start":{"line":22,"column":18},"end":{"line":22,"column":80}}],"line":20},"1":{"loc":{"start":{"line":47,"column":10},"end":{"line":54,"column":11}},"type":"if","locations":[{"start":{"line":47,"column":10},"end":{"line":54,"column":11}},{"start":{"line":47,"column":10},"end":{"line":54,"column":11}}],"line":47},"2":{"loc":{"start":{"line":66,"column":10},"end":{"line":68,"column":94}},"type":"cond-expr","locations":[{"start":{"line":67,"column":15},"end":{"line":67,"column":45}},{"start":{"line":68,"column":15},"end":{"line":68,"column":94}}],"line":66}},"s":{"0":2,"1":2,"2":2,"3":2,"4":0,"5":0,"6":0,"7":2,"8":0,"9":0,"10":0,"11":0,"12":2,"13":0,"14":0,"15":0,"16":0,"17":2,"18":0,"19":0,"20":0,"21":0,"22":0,"23":0,"24":0,"25":0,"26":2,"27":0,"28":0,"29":0,"30":0,"31":2},"f":{"0":0,"1":0,"2":0,"3":0,"4":0,"5":0,"6":0,"7":0,"8":0,"9":0,"10":0,"11":0,"12":0,"13":0,"14":0,"15":0},"b":{"0":[0,0],"1":[0,0],"2":[0,0]},"_coverageSchema":"1a1c01bbd47fc00a2c39e90264f33305004495a9","hash":"37b6cfbd7a220357ecc95b39e22263bf932a5977"}
,"/Users/anthonylopez/LambdaSchool/Labs-TL/Studium-BE/resources/tags/tags-model.js": {"path":"/Users/anthonylopez/LambdaSchool/Labs-TL/Studium-BE/resources/tags/tags-model.js","statementMap":{"0":{"start":{"line":1,"column":11},"end":{"line":1,"column":43}},"1":{"start":{"line":3,"column":13},"end":{"line":5,"column":1}},"2":{"start":{"line":4,"column":4},"end":{"line":4,"column":21}},"3":{"start":{"line":7,"column":20},"end":{"line":10,"column":1}},"4":{"start":{"line":8,"column":4},"end":{"line":9,"column":22}},"5":{"start":{"line":12,"column":15},"end":{"line":15,"column":1}},"6":{"start":{"line":13,"column":4},"end":{"line":14,"column":22}},"7":{"start":{"line":17,"column":12},"end":{"line":20,"column":1}},"8":{"start":{"line":18,"column":4},"end":{"line":19,"column":26}},"9":{"start":{"line":22,"column":15},"end":{"line":26,"column":1}},"10":{"start":{"line":23,"column":4},"end":{"line":25,"column":24}},"11":{"start":{"line":28,"column":15},"end":{"line":32,"column":1}},"12":{"start":{"line":29,"column":4},"end":{"line":31,"column":14}},"13":{"start":{"line":34,"column":0},"end":{"line":41,"column":1}}},"fnMap":{"0":{"name":"(anonymous_0)","decl":{"start":{"line":3,"column":13},"end":{"line":3,"column":14}},"loc":{"start":{"line":3,"column":19},"end":{"line":5,"column":1}},"line":3},"1":{"name":"(anonymous_1)","decl":{"start":{"line":7,"column":20},"end":{"line":7,"column":21}},"loc":{"start":{"line":7,"column":28},"end":{"line":10,"column":1}},"line":7},"2":{"name":"(anonymous_2)","decl":{"start":{"line":12,"column":15},"end":{"line":12,"column":16}},"loc":{"start":{"line":12,"column":27},"end":{"line":15,"column":1}},"line":12},"3":{"name":"(anonymous_3)","decl":{"start":{"line":17,"column":12},"end":{"line":17,"column":13}},"loc":{"start":{"line":17,"column":21},"end":{"line":20,"column":1}},"line":17},"4":{"name":"(anonymous_4)","decl":{"start":{"line":22,"column":15},"end":{"line":22,"column":16}},"loc":{"start":{"line":22,"column":32},"end":{"line":26,"column":1}},"line":22},"5":{"name":"(anonymous_5)","decl":{"start":{"line":28,"column":15},"end":{"line":28,"column":16}},"loc":{"start":{"line":28,"column":23},"end":{"line":32,"column":1}},"line":28}},"branchMap":{},"s":{"0":2,"1":2,"2":0,"3":2,"4":0,"5":2,"6":0,"7":2,"8":0,"9":2,"10":0,"11":2,"12":0,"13":2},"f":{"0":0,"1":0,"2":0,"3":0,"4":0,"5":0},"b":{},"_coverageSchema":"1a1c01bbd47fc00a2c39e90264f33305004495a9","hash":"365a8824fab0b92548ba8ac2a5900fa84ec49098"}
,"/Users/anthonylopez/LambdaSchool/Labs-TL/Studium-BE/resources/tags/tags-router.js": {"path":"/Users/anthonylopez/LambdaSchool/Labs-TL/Studium-BE/resources/tags/tags-router.js","statementMap":{"0":{"start":{"line":1,"column":16},"end":{"line":1,"column":34}},"1":{"start":{"line":3,"column":11},"end":{"line":3,"column":37}},"2":{"start":{"line":5,"column":15},"end":{"line":5,"column":31}},"3":{"start":{"line":8,"column":0},"end":{"line":16,"column":2}},"4":{"start":{"line":9,"column":4},"end":{"line":15,"column":10}},"5":{"start":{"line":11,"column":12},"end":{"line":11,"column":26}},"6":{"start":{"line":14,"column":12},"end":{"line":14,"column":93}},"7":{"start":{"line":19,"column":0},"end":{"line":29,"column":2}},"8":{"start":{"line":20,"column":15},"end":{"line":20,"column":28}},"9":{"start":{"line":22,"column":4},"end":{"line":28,"column":10}},"10":{"start":{"line":24,"column":12},"end":{"line":24,"column":37}},"11":{"start":{"line":27,"column":12},"end":{"line":27,"column":92}},"12":{"start":{"line":32,"column":0},"end":{"line":46,"column":2}},"13":{"start":{"line":33,"column":20},"end":{"line":33,"column":28}},"14":{"start":{"line":35,"column":4},"end":{"line":45,"column":10}},"15":{"start":{"line":37,"column":12},"end":{"line":41,"column":13}},"16":{"start":{"line":38,"column":16},"end":{"line":38,"column":86}},"17":{"start":{"line":40,"column":16},"end":{"line":40,"column":41}},"18":{"start":{"line":44,"column":12},"end":{"line":44,"column":88}},"19":{"start":{"line":49,"column":0},"end":{"line":67,"column":2}},"20":{"start":{"line":50,"column":19},"end":{"line":50,"column":29}},"21":{"start":{"line":51,"column":20},"end":{"line":51,"column":28}},"22":{"start":{"line":53,"column":4},"end":{"line":66,"column":10}},"23":{"start":{"line":55,"column":12},"end":{"line":62,"column":13}},"24":{"start":{"line":56,"column":16},"end":{"line":59,"column":22}},"25":{"start":{"line":58,"column":24},"end":{"line":58,"column":56}},"26":{"start":{"line":61,"column":16},"end":{"line":61,"column":90}},"27":{"start":{"line":65,"column":12},"end":{"line":65,"column":90}},"28":{"start":{"line":70,"column":0},"end":{"line":84,"column":2}},"29":{"start":{"line":71,"column":19},"end":{"line":71,"column":29}},"30":{"start":{"line":73,"column":4},"end":{"line":83,"column":10}},"31":{"start":{"line":75,"column":12},"end":{"line":79,"column":13}},"32":{"start":{"line":76,"column":16},"end":{"line":76,"column":58}},"33":{"start":{"line":78,"column":16},"end":{"line":78,"column":90}},"34":{"start":{"line":82,"column":12},"end":{"line":82,"column":90}},"35":{"start":{"line":86,"column":0},"end":{"line":86,"column":24}}},"fnMap":{"0":{"name":"(anonymous_0)","decl":{"start":{"line":8,"column":16},"end":{"line":8,"column":17}},"loc":{"start":{"line":8,"column":30},"end":{"line":16,"column":1}},"line":8},"1":{"name":"(anonymous_1)","decl":{"start":{"line":10,"column":14},"end":{"line":10,"column":15}},"loc":{"start":{"line":10,"column":22},"end":{"line":12,"column":9}},"line":10},"2":{"name":"(anonymous_2)","decl":{"start":{"line":13,"column":15},"end":{"line":13,"column":16}},"loc":{"start":{"line":13,"column":22},"end":{"line":15,"column":9}},"line":13},"3":{"name":"(anonymous_3)","decl":{"start":{"line":19,"column":19},"end":{"line":19,"column":20}},"loc":{"start":{"line":19,"column":33},"end":{"line":29,"column":1}},"line":19},"4":{"name":"(anonymous_4)","decl":{"start":{"line":23,"column":14},"end":{"line":23,"column":15}},"loc":{"start":{"line":23,"column":21},"end":{"line":25,"column":9}},"line":23},"5":{"name":"(anonymous_5)","decl":{"start":{"line":26,"column":15},"end":{"line":26,"column":16}},"loc":{"start":{"line":26,"column":22},"end":{"line":28,"column":9}},"line":26},"6":{"name":"(anonymous_6)","decl":{"start":{"line":32,"column":17},"end":{"line":32,"column":18}},"loc":{"start":{"line":32,"column":31},"end":{"line":46,"column":1}},"line":32},"7":{"name":"(anonymous_7)","decl":{"start":{"line":36,"column":14},"end":{"line":36,"column":15}},"loc":{"start":{"line":36,"column":21},"end":{"line":42,"column":9}},"line":36},"8":{"name":"(anonymous_8)","decl":{"start":{"line":43,"column":15},"end":{"line":43,"column":16}},"loc":{"start":{"line":43,"column":22},"end":{"line":45,"column":9}},"line":43},"9":{"name":"(anonymous_9)","decl":{"start":{"line":49,"column":19},"end":{"line":49,"column":20}},"loc":{"start":{"line":49,"column":33},"end":{"line":67,"column":1}},"line":49},"10":{"name":"(anonymous_10)","decl":{"start":{"line":54,"column":14},"end":{"line":54,"column":15}},"loc":{"start":{"line":54,"column":21},"end":{"line":63,"column":9}},"line":54},"11":{"name":"(anonymous_11)","decl":{"start":{"line":57,"column":26},"end":{"line":57,"column":27}},"loc":{"start":{"line":57,"column":40},"end":{"line":59,"column":21}},"line":57},"12":{"name":"(anonymous_12)","decl":{"start":{"line":64,"column":15},"end":{"line":64,"column":16}},"loc":{"start":{"line":64,"column":22},"end":{"line":66,"column":9}},"line":64},"13":{"name":"(anonymous_13)","decl":{"start":{"line":70,"column":22},"end":{"line":70,"column":23}},"loc":{"start":{"line":70,"column":36},"end":{"line":84,"column":1}},"line":70},"14":{"name":"(anonymous_14)","decl":{"start":{"line":74,"column":14},"end":{"line":74,"column":15}},"loc":{"start":{"line":74,"column":25},"end":{"line":80,"column":9}},"line":74},"15":{"name":"(anonymous_15)","decl":{"start":{"line":81,"column":15},"end":{"line":81,"column":16}},"loc":{"start":{"line":81,"column":22},"end":{"line":83,"column":9}},"line":81}},"branchMap":{"0":{"loc":{"start":{"line":37,"column":12},"end":{"line":41,"column":13}},"type":"if","locations":[{"start":{"line":37,"column":12},"end":{"line":41,"column":13}},{"start":{"line":37,"column":12},"end":{"line":41,"column":13}}],"line":37},"1":{"loc":{"start":{"line":55,"column":12},"end":{"line":62,"column":13}},"type":"if","locations":[{"start":{"line":55,"column":12},"end":{"line":62,"column":13}},{"start":{"line":55,"column":12},"end":{"line":62,"column":13}}],"line":55},"2":{"loc":{"start":{"line":75,"column":12},"end":{"line":79,"column":13}},"type":"if","locations":[{"start":{"line":75,"column":12},"end":{"line":79,"column":13}},{"start":{"line":75,"column":12},"end":{"line":79,"column":13}}],"line":75}},"s":{"0":2,"1":2,"2":2,"3":2,"4":0,"5":0,"6":0,"7":2,"8":0,"9":0,"10":0,"11":0,"12":2,"13":0,"14":0,"15":0,"16":0,"17":0,"18":0,"19":2,"20":0,"21":0,"22":0,"23":0,"24":0,"25":0,"26":0,"27":0,"28":2,"29":0,"30":0,"31":0,"32":0,"33":0,"34":0,"35":2},"f":{"0":0,"1":0,"2":0,"3":0,"4":0,"5":0,"6":0,"7":0,"8":0,"9":0,"10":0,"11":0,"12":0,"13":0,"14":0,"15":0},"b":{"0":[0,0],"1":[0,0],"2":[0,0]},"_coverageSchema":"1a1c01bbd47fc00a2c39e90264f33305004495a9","hash":"82b62ddc67bf1be618ed28edc99de283a8a94bb3"}
,"/Users/anthonylopez/LambdaSchool/Labs-TL/Studium-BE/resources/users/users-model.js": {"path":"/Users/anthonylopez/LambdaSchool/Labs-TL/Studium-BE/resources/users/users-model.js","statementMap":{"0":{"start":{"line":1,"column":11},"end":{"line":1,"column":43}},"1":{"start":{"line":3,"column":13},"end":{"line":5,"column":1}},"2":{"start":{"line":4,"column":3},"end":{"line":4,"column":21}},"3":{"start":{"line":7,"column":17},"end":{"line":11,"column":1}},"4":{"start":{"line":8,"column":3},"end":{"line":10,"column":14}},"5":{"start":{"line":13,"column":15},"end":{"line":16,"column":1}},"6":{"start":{"line":14,"column":3},"end":{"line":15,"column":20}},"7":{"start":{"line":18,"column":25},"end":{"line":20,"column":1}},"8":{"start":{"line":19,"column":3},"end":{"line":19,"column":40}},"9":{"start":{"line":22,"column":12},"end":{"line":25,"column":1}},"10":{"start":{"line":23,"column":3},"end":{"line":24,"column":25}},"11":{"start":{"line":27,"column":15},"end":{"line":31,"column":1}},"12":{"start":{"line":28,"column":3},"end":{"line":30,"column":22}},"13":{"start":{"line":33,"column":15},"end":{"line":37,"column":1}},"14":{"start":{"line":34,"column":3},"end":{"line":36,"column":12}},"15":{"start":{"line":39,"column":0},"end":{"line":47,"column":1}}},"fnMap":{"0":{"name":"(anonymous_0)","decl":{"start":{"line":3,"column":13},"end":{"line":3,"column":14}},"loc":{"start":{"line":3,"column":19},"end":{"line":5,"column":1}},"line":3},"1":{"name":"(anonymous_1)","decl":{"start":{"line":7,"column":17},"end":{"line":7,"column":18}},"loc":{"start":{"line":7,"column":25},"end":{"line":11,"column":1}},"line":7},"2":{"name":"(anonymous_2)","decl":{"start":{"line":13,"column":15},"end":{"line":13,"column":16}},"loc":{"start":{"line":13,"column":27},"end":{"line":16,"column":1}},"line":13},"3":{"name":"(anonymous_3)","decl":{"start":{"line":18,"column":25},"end":{"line":18,"column":26}},"loc":{"start":{"line":18,"column":38},"end":{"line":20,"column":1}},"line":18},"4":{"name":"(anonymous_4)","decl":{"start":{"line":22,"column":12},"end":{"line":22,"column":13}},"loc":{"start":{"line":22,"column":22},"end":{"line":25,"column":1}},"line":22},"5":{"name":"(anonymous_5)","decl":{"start":{"line":27,"column":15},"end":{"line":27,"column":16}},"loc":{"start":{"line":27,"column":32},"end":{"line":31,"column":1}},"line":27},"6":{"name":"(anonymous_6)","decl":{"start":{"line":33,"column":15},"end":{"line":33,"column":16}},"loc":{"start":{"line":33,"column":23},"end":{"line":37,"column":1}},"line":33}},"branchMap":{},"s":{"0":3,"1":3,"2":1,"3":3,"4":0,"5":3,"6":0,"7":3,"8":0,"9":3,"10":1,"11":3,"12":0,"13":3,"14":0,"15":3},"f":{"0":1,"1":0,"2":0,"3":0,"4":1,"5":0,"6":0},"b":{},"_coverageSchema":"1a1c01bbd47fc00a2c39e90264f33305004495a9","hash":"83b366e3da0af740ec5d7f5c97889684a6ec9cb5"}
,"/Users/anthonylopez/LambdaSchool/Labs-TL/Studium-BE/resources/users/users-router.js": {"path":"/Users/anthonylopez/LambdaSchool/Labs-TL/Studium-BE/resources/users/users-router.js","statementMap":{"0":{"start":{"line":1,"column":16},"end":{"line":1,"column":34}},"1":{"start":{"line":3,"column":14},"end":{"line":3,"column":41}},"2":{"start":{"line":5,"column":15},"end":{"line":5,"column":31}},"3":{"start":{"line":7,"column":19},"end":{"line":7,"column":64}},"4":{"start":{"line":9,"column":0},"end":{"line":17,"column":2}},"5":{"start":{"line":10,"column":3},"end":{"line":16,"column":8}},"6":{"start":{"line":12,"column":9},"end":{"line":12,"column":24}},"7":{"start":{"line":15,"column":9},"end":{"line":15,"column":70}},"8":{"start":{"line":19,"column":0},"end":{"line":28,"column":2}},"9":{"start":{"line":20,"column":3},"end":{"line":27,"column":8}},"10":{"start":{"line":22,"column":9},"end":{"line":22,"column":30}},"11":{"start":{"line":23,"column":9},"end":{"line":23,"column":35}},"12":{"start":{"line":26,"column":9},"end":{"line":26,"column":73}},"13":{"start":{"line":30,"column":0},"end":{"line":42,"column":2}},"14":{"start":{"line":31,"column":18},"end":{"line":31,"column":28}},"15":{"start":{"line":33,"column":3},"end":{"line":41,"column":8}},"16":{"start":{"line":35,"column":9},"end":{"line":37,"column":90}},"17":{"start":{"line":40,"column":9},"end":{"line":40,"column":65}},"18":{"start":{"line":44,"column":0},"end":{"line":56,"column":2}},"19":{"start":{"line":45,"column":18},"end":{"line":45,"column":28}},"20":{"start":{"line":47,"column":3},"end":{"line":55,"column":8}},"21":{"start":{"line":49,"column":9},"end":{"line":51,"column":74}},"22":{"start":{"line":54,"column":9},"end":{"line":54,"column":85}},"23":{"start":{"line":58,"column":0},"end":{"line":68,"column":2}},"24":{"start":{"line":59,"column":20},"end":{"line":59,"column":28}},"25":{"start":{"line":61,"column":3},"end":{"line":67,"column":9}},"26":{"start":{"line":63,"column":9},"end":{"line":63,"column":35}},"27":{"start":{"line":66,"column":9},"end":{"line":66,"column":72}},"28":{"start":{"line":70,"column":0},"end":{"line":88,"column":2}},"29":{"start":{"line":71,"column":18},"end":{"line":71,"column":28}},"30":{"start":{"line":72,"column":19},"end":{"line":72,"column":27}},"31":{"start":{"line":74,"column":3},"end":{"line":87,"column":8}},"32":{"start":{"line":76,"column":9},"end":{"line":83,"column":10}},"33":{"start":{"line":77,"column":12},"end":{"line":80,"column":17}},"34":{"start":{"line":79,"column":18},"end":{"line":79,"column":39}},"35":{"start":{"line":82,"column":12},"end":{"line":82,"column":88}},"36":{"start":{"line":86,"column":9},"end":{"line":86,"column":67}},"37":{"start":{"line":90,"column":0},"end":{"line":102,"column":2}},"38":{"start":{"line":91,"column":18},"end":{"line":91,"column":28}},"39":{"start":{"line":93,"column":3},"end":{"line":101,"column":9}},"40":{"start":{"line":95,"column":9},"end":{"line":97,"column":90}},"41":{"start":{"line":100,"column":9},"end":{"line":100,"column":68}},"42":{"start":{"line":104,"column":0},"end":{"line":104,"column":23}}},"fnMap":{"0":{"name":"(anonymous_0)","decl":{"start":{"line":9,"column":16},"end":{"line":9,"column":17}},"loc":{"start":{"line":9,"column":30},"end":{"line":17,"column":1}},"line":9},"1":{"name":"(anonymous_1)","decl":{"start":{"line":11,"column":12},"end":{"line":11,"column":13}},"loc":{"start":{"line":11,"column":21},"end":{"line":13,"column":7}},"line":11},"2":{"name":"(anonymous_2)","decl":{"start":{"line":14,"column":13},"end":{"line":14,"column":14}},"loc":{"start":{"line":14,"column":20},"end":{"line":16,"column":7}},"line":14},"3":{"name":"(anonymous_3)","decl":{"start":{"line":19,"column":30},"end":{"line":19,"column":31}},"loc":{"start":{"line":19,"column":44},"end":{"line":28,"column":1}},"line":19},"4":{"name":"(anonymous_4)","decl":{"start":{"line":21,"column":12},"end":{"line":21,"column":13}},"loc":{"start":{"line":21,"column":20},"end":{"line":24,"column":7}},"line":21},"5":{"name":"(anonymous_5)","decl":{"start":{"line":25,"column":13},"end":{"line":25,"column":14}},"loc":{"start":{"line":25,"column":20},"end":{"line":27,"column":7}},"line":25},"6":{"name":"(anonymous_6)","decl":{"start":{"line":30,"column":19},"end":{"line":30,"column":20}},"loc":{"start":{"line":30,"column":33},"end":{"line":42,"column":1}},"line":30},"7":{"name":"(anonymous_7)","decl":{"start":{"line":34,"column":12},"end":{"line":34,"column":13}},"loc":{"start":{"line":34,"column":20},"end":{"line":38,"column":7}},"line":34},"8":{"name":"(anonymous_8)","decl":{"start":{"line":39,"column":13},"end":{"line":39,"column":14}},"loc":{"start":{"line":39,"column":20},"end":{"line":41,"column":7}},"line":39},"9":{"name":"(anonymous_9)","decl":{"start":{"line":44,"column":25},"end":{"line":44,"column":26}},"loc":{"start":{"line":44,"column":39},"end":{"line":56,"column":1}},"line":44},"10":{"name":"(anonymous_10)","decl":{"start":{"line":48,"column":12},"end":{"line":48,"column":13}},"loc":{"start":{"line":48,"column":20},"end":{"line":52,"column":7}},"line":48},"11":{"name":"(anonymous_11)","decl":{"start":{"line":53,"column":13},"end":{"line":53,"column":14}},"loc":{"start":{"line":53,"column":20},"end":{"line":55,"column":7}},"line":53},"12":{"name":"(anonymous_12)","decl":{"start":{"line":58,"column":17},"end":{"line":58,"column":18}},"loc":{"start":{"line":58,"column":31},"end":{"line":68,"column":1}},"line":58},"13":{"name":"(anonymous_13)","decl":{"start":{"line":62,"column":12},"end":{"line":62,"column":13}},"loc":{"start":{"line":62,"column":20},"end":{"line":64,"column":7}},"line":62},"14":{"name":"(anonymous_14)","decl":{"start":{"line":65,"column":13},"end":{"line":65,"column":14}},"loc":{"start":{"line":65,"column":20},"end":{"line":67,"column":7}},"line":65},"15":{"name":"(anonymous_15)","decl":{"start":{"line":70,"column":19},"end":{"line":70,"column":20}},"loc":{"start":{"line":70,"column":33},"end":{"line":88,"column":1}},"line":70},"16":{"name":"(anonymous_16)","decl":{"start":{"line":75,"column":12},"end":{"line":75,"column":13}},"loc":{"start":{"line":75,"column":20},"end":{"line":84,"column":7}},"line":75},"17":{"name":"(anonymous_17)","decl":{"start":{"line":78,"column":21},"end":{"line":78,"column":22}},"loc":{"start":{"line":78,"column":36},"end":{"line":80,"column":16}},"line":78},"18":{"name":"(anonymous_18)","decl":{"start":{"line":85,"column":13},"end":{"line":85,"column":14}},"loc":{"start":{"line":85,"column":20},"end":{"line":87,"column":7}},"line":85},"19":{"name":"(anonymous_19)","decl":{"start":{"line":90,"column":22},"end":{"line":90,"column":23}},"loc":{"start":{"line":90,"column":36},"end":{"line":102,"column":1}},"line":90},"20":{"name":"(anonymous_20)","decl":{"start":{"line":94,"column":12},"end":{"line":94,"column":13}},"loc":{"start":{"line":94,"column":23},"end":{"line":98,"column":7}},"line":94},"21":{"name":"(anonymous_21)","decl":{"start":{"line":99,"column":13},"end":{"line":99,"column":14}},"loc":{"start":{"line":99,"column":20},"end":{"line":101,"column":7}},"line":99}},"branchMap":{"0":{"loc":{"start":{"line":35,"column":9},"end":{"line":37,"column":90}},"type":"cond-expr","locations":[{"start":{"line":36,"column":14},"end":{"line":36,"column":28}},{"start":{"line":37,"column":14},"end":{"line":37,"column":90}}],"line":35},"1":{"loc":{"start":{"line":49,"column":9},"end":{"line":51,"column":74}},"type":"cond-expr","locations":[{"start":{"line":50,"column":12},"end":{"line":50,"column":38}},{"start":{"line":51,"column":12},"end":{"line":51,"column":74}}],"line":49},"2":{"loc":{"start":{"line":76,"column":9},"end":{"line":83,"column":10}},"type":"if","locations":[{"start":{"line":76,"column":9},"end":{"line":83,"column":10}},{"start":{"line":76,"column":9},"end":{"line":83,"column":10}}],"line":76},"3":{"loc":{"start":{"line":95,"column":9},"end":{"line":97,"column":90}},"type":"cond-expr","locations":[{"start":{"line":96,"column":14},"end":{"line":96,"column":44}},{"start":{"line":97,"column":14},"end":{"line":97,"column":90}}],"line":95}},"s":{"0":2,"1":2,"2":2,"3":2,"4":2,"5":1,"6":0,"7":1,"8":2,"9":0,"10":0,"11":0,"12":0,"13":2,"14":0,"15":0,"16":0,"17":0,"18":2,"19":0,"20":0,"21":0,"22":0,"23":2,"24":0,"25":0,"26":0,"27":0,"28":2,"29":0,"30":0,"31":0,"32":0,"33":0,"34":0,"35":0,"36":0,"37":2,"38":0,"39":0,"40":0,"41":0,"42":2},"f":{"0":1,"1":0,"2":1,"3":0,"4":0,"5":0,"6":0,"7":0,"8":0,"9":0,"10":0,"11":0,"12":0,"13":0,"14":0,"15":0,"16":0,"17":0,"18":0,"19":0,"20":0,"21":0},"b":{"0":[0,0],"1":[0,0],"2":[0,0],"3":[0,0]},"_coverageSchema":"1a1c01bbd47fc00a2c39e90264f33305004495a9","hash":"c324f2aa691b0dc79d5f0f9ccb0a6685b6c71e70"}
}
